Copying /home/mathy/benchmark-tfl/build/rpi//beeswax to /root/data/kbench-energy/20190827-153322/beeswax
Copying /home/mathy/benchmark-tfl/build/rpi//bumblebee to /root/data/kbench-energy/20190827-153322/bumblebee
Copying /home/mathy/copy-conv-approximation/dump_parser/approximate_resnet_v2.tflite to /root/data/kbench-energy/20190827-153322/approximate_resnet_v2.tflite
Copying /home/mathy/conv-approximation/dump_parser/labels.txt to /root/data/kbench-energy/20190827-153322/labels.txt


Capturing energy readings
Running inferences
Stop capturing energy readings

Pull back energy readings
Pull back profiler files
Processing outputs
Parsing inferences output
Processing accuracy
Parsing energy output
Processing energy and power
Processing profilers
------------------------------ BENCHMARK SUMMARY ------------------------------

Total images executed:				25
Inferences per image:				8
Average inference time was:			9480.8016 ms (±29.2450)
Top 1 accuracy is:		60.0000%
Top 5 accuracy is:		88.0000%
Average energy spent:   			28.3754 J (±0.0902)
Average power:  				2.9929 W (±0.0072)

----------------------------------- PROFILER -----------------------------------

PAD
Average execution time:			22149.2200 μs (±828.0325)
Average energy spent: 			0.0533 J (±0.0021)
Average power:				2.4034 W (±0.0401)

CONV_2D
Average execution time:			323542.4800 μs (±9023.3957)
Average energy spent: 			1.0196 J (±0.0179)
Average power:				3.1524 W (±0.0357)

MAX_POOL_2D
Average execution time:			33118.7250 μs (±1240.1546)
Average energy spent: 			0.0835 J (±0.0026)
Average power:				2.5254 W (±0.0358)

MUL
Average execution time:			22057.7100 μs (±801.2195)
Average energy spent: 			0.0553 J (±0.0019)
Average power:				2.5060 W (±0.0366)

ADD
Average execution time:			22032.3700 μs (±783.3796)
Average energy spent: 			0.0539 J (±0.0019)
Average power:				2.4438 W (±0.0317)

CONV_2D
Average execution time:			62437.0900 μs (±5361.1885)
Average energy spent: 			0.2098 J (±0.0099)
Average power:				3.3753 W (±0.1235)

CONV_2D
Average execution time:			18238.2300 μs (±1402.4764)
Average energy spent: 			0.0643 J (±0.0026)
Average power:				3.5409 W (±0.1338)

Dragunov_Slicing
Average execution time:			11738.9700 μs (±500.6793)
Average energy spent: 			0.0320 J (±0.0014)
Average power:				2.7247 W (±0.0453)

Dragunov_Phase_C
Average execution time:			13260.3200 μs (±497.3183)
Average energy spent: 			0.0451 J (±0.0017)
Average power:				3.3942 W (±0.0967)

Dragunov_Phase_Z
Average execution time:			147065.0650 μs (±3301.0854)
Average energy spent: 			0.4389 J (±0.0071)
Average power:				2.9848 W (±0.0269)

Dragunov_Phase_F
Average execution time:			13705.5350 μs (±349.8981)
Average energy spent: 			0.0493 J (±0.0018)
Average power:				3.5951 W (±0.0694)

Dragunov_Sum
Average execution time:			36499.0400 μs (±1666.9056)
Average energy spent: 			0.0932 J (±0.0040)
Average power:				2.5577 W (±0.0360)

Dragunov_Bias_RELU
Average execution time:			2476.3950 μs (±145.0722)
Average energy spent: 			0.0091 J (±0.0013)
Average power:				3.6562 W (±0.2522)

CONV_2D
Average execution time:			60473.9050 μs (±3479.2162)
Average energy spent: 			0.2026 J (±0.0067)
Average power:				3.3557 W (±0.0827)

ADD
Average execution time:			12651.2500 μs (±685.8339)
Average energy spent: 			0.0392 J (±0.0017)
Average power:				3.0912 W (±0.0681)

MUL
Average execution time:			88872.7650 μs (±3532.1651)
Average energy spent: 			0.2111 J (±0.0070)
Average power:				2.3757 W (±0.0218)

ADD
Average execution time:			88437.1100 μs (±3483.7002)
Average energy spent: 			0.2076 J (±0.0067)
Average power:				2.3489 W (±0.0235)

CONV_2D
Average execution time:			54209.0550 μs (±4542.9320)
Average energy spent: 			0.1966 J (±0.0075)
Average power:				3.6372 W (±0.1485)

Dragunov_Slicing
Average execution time:			11964.3700 μs (±584.4186)
Average energy spent: 			0.0325 J (±0.0017)
Average power:				2.7197 W (±0.0545)

Dragunov_Phase_C
Average execution time:			13255.7800 μs (±439.9676)
Average energy spent: 			0.0448 J (±0.0016)
Average power:				3.3867 W (±0.0936)

Dragunov_Phase_Z
Average execution time:			147487.7500 μs (±3445.5091)
Average energy spent: 			0.4395 J (±0.0071)
Average power:				2.9805 W (±0.0278)

Dragunov_Phase_F
Average execution time:			13668.1800 μs (±394.9431)
Average energy spent: 			0.0489 J (±0.0017)
Average power:				3.5881 W (±0.0681)

Dragunov_Sum
Average execution time:			36310.5150 μs (±1541.6872)
Average energy spent: 			0.0930 J (±0.0036)
Average power:				2.5606 W (±0.0395)

Dragunov_Bias_RELU
Average execution time:			2471.0900 μs (±140.3866)
Average energy spent: 			0.0090 J (±0.0013)
Average power:				3.6875 W (±0.2451)

CONV_2D
Average execution time:			60126.1250 μs (±3281.1072)
Average energy spent: 			0.2045 J (±0.0064)
Average power:				3.4069 W (±0.0801)

ADD
Average execution time:			12491.4850 μs (±658.8965)
Average energy spent: 			0.0389 J (±0.0016)
Average power:				3.1035 W (±0.0650)

MUL
Average execution time:			88381.5000 μs (±3527.8914)
Average energy spent: 			0.2098 J (±0.0071)
Average power:				2.3769 W (±0.0226)

ADD
Average execution time:			88542.2500 μs (±3470.2228)
Average energy spent: 			0.2081 J (±0.0066)
Average power:				2.3508 W (±0.0233)

MAX_POOL_2D
Average execution time:			8639.6550 μs (±354.5731)
Average energy spent: 			0.0248 J (±0.0014)
Average power:				2.8720 W (±0.0803)

CONV_2D
Average execution time:			55040.0000 μs (±4976.3930)
Average energy spent: 			0.1988 J (±0.0086)
Average power:				3.6285 W (±0.1532)

PAD
Average execution time:			2270.3650 μs (±135.8198)
Average energy spent: 			0.0091 J (±0.0013)
Average power:				4.0047 W (±0.2343)

Dragunov_Slicing
Average execution time:			12656.8200 μs (±603.2554)
Average energy spent: 			0.0339 J (±0.0015)
Average power:				2.6836 W (±0.0517)

Dragunov_Phase_C
Average execution time:			13561.4450 μs (±642.9538)
Average energy spent: 			0.0460 J (±0.0018)
Average power:				3.3931 W (±0.1034)

Dragunov_Phase_Z
Average execution time:			55050.2400 μs (±856.8457)
Average energy spent: 			0.1517 J (±0.0027)
Average power:				2.7556 W (±0.0267)

Dragunov_Phase_F
Average execution time:			6107.5700 μs (±264.9857)
Average energy spent: 			0.0175 J (±0.0012)
Average power:				2.8680 W (±0.0708)

Dragunov_Sum
Average execution time:			9279.9800 μs (±404.9697)
Average energy spent: 			0.0247 J (±0.0012)
Average power:				2.6762 W (±0.0507)

Dragunov_Bias_RELU
Average execution time:			610.3550 μs (±39.1909)
Average energy spent: 			0.0030 J (±0.0023)
Average power:				3.0126 W (±2.2858)

CONV_2D
Average execution time:			15957.4100 μs (±1338.1985)
Average energy spent: 			0.0547 J (±0.0029)
Average power:				3.4369 W (±0.1095)

ADD
Average execution time:			3367.6200 μs (±156.6438)
Average energy spent: 			0.0127 J (±0.0014)
Average power:				3.7482 W (±0.1599)

MUL
Average execution time:			22577.3500 μs (±842.6504)
Average energy spent: 			0.0561 J (±0.0019)
Average power:				2.4866 W (±0.0410)

ADD
Average execution time:			22612.6250 μs (±834.3759)
Average energy spent: 			0.0551 J (±0.0019)
Average power:				2.4375 W (±0.0449)

CONV_2D
Average execution time:			99902.6650 μs (±9472.5214)
Average energy spent: 			0.3547 J (±0.0164)
Average power:				3.5662 W (±0.1624)

CONV_2D
Average execution time:			26295.9400 μs (±1506.4736)
Average energy spent: 			0.0975 J (±0.0031)
Average power:				3.7173 W (±0.1024)

Dragunov_Slicing
Average execution time:			5991.3400 μs (±305.0258)
Average energy spent: 			0.0178 J (±0.0013)
Average power:				2.9684 W (±0.0901)

Dragunov_Phase_C
Average execution time:			7889.1300 μs (±756.9598)
Average energy spent: 			0.0283 J (±0.0023)
Average power:				3.5822 W (±0.1595)

Dragunov_Phase_Z
Average execution time:			100673.5750 μs (±2596.8574)
Average energy spent: 			0.3004 J (±0.0054)
Average power:				2.9855 W (±0.0324)

Dragunov_Phase_F
Average execution time:			7735.6500 μs (±423.6812)
Average energy spent: 			0.0287 J (±0.0019)
Average power:				3.6962 W (±0.1434)

Dragunov_Sum
Average execution time:			18434.9400 μs (±765.6234)
Average energy spent: 			0.0494 J (±0.0019)
Average power:				2.6824 W (±0.0453)

Dragunov_Bias_RELU
Average execution time:			1045.4750 μs (±58.4479)
Average energy spent: 			0.0051 J (±0.0005)
Average power:				4.9362 W (±0.2880)

CONV_2D
Average execution time:			60958.3250 μs (±1514.0369)
Average energy spent: 			0.1961 J (±0.0032)
Average power:				3.2155 W (±0.0365)

ADD
Average execution time:			6742.3250 μs (±334.5235)
Average energy spent: 			0.0218 J (±0.0014)
Average power:				3.2608 W (±0.0818)

MUL
Average execution time:			45418.8500 μs (±1805.0605)
Average energy spent: 			0.1097 J (±0.0036)
Average power:				2.4142 W (±0.0258)

ADD
Average execution time:			45278.7850 μs (±1782.0738)
Average energy spent: 			0.1077 J (±0.0036)
Average power:				2.3810 W (±0.0289)

CONV_2D
Average execution time:			49002.2250 μs (±4218.0321)
Average energy spent: 			0.1781 J (±0.0075)
Average power:				3.6423 W (±0.1401)

Dragunov_Slicing
Average execution time:			6013.7950 μs (±306.0307)
Average energy spent: 			0.0176 J (±0.0012)
Average power:				2.9368 W (±0.0756)

Dragunov_Phase_C
Average execution time:			8006.5250 μs (±865.8417)
Average energy spent: 			0.0284 J (±0.0024)
Average power:				3.5749 W (±0.1852)

Dragunov_Phase_Z
Average execution time:			100449.6750 μs (±2325.1197)
Average energy spent: 			0.2999 J (±0.0053)
Average power:				2.9863 W (±0.0269)

Dragunov_Phase_F
Average execution time:			7722.3950 μs (±449.5912)
Average energy spent: 			0.0285 J (±0.0020)
Average power:				3.6961 W (±0.1454)

Dragunov_Sum
Average execution time:			18624.8250 μs (±731.6443)
Average energy spent: 			0.0499 J (±0.0017)
Average power:				2.6744 W (±0.0516)

Dragunov_Bias_RELU
Average execution time:			1238.1500 μs (±65.7459)
Average energy spent: 			0.0056 J (±0.0011)
Average power:				4.7072 W (±0.5447)

CONV_2D
Average execution time:			60837.2900 μs (±1303.6788)
Average energy spent: 			0.1965 J (±0.0031)
Average power:				3.2310 W (±0.0350)

ADD
Average execution time:			6872.3100 μs (±364.4676)
Average energy spent: 			0.0223 J (±0.0013)
Average power:				3.2307 W (±0.0812)

MUL
Average execution time:			45848.3550 μs (±1830.6582)
Average energy spent: 			0.1104 J (±0.0038)
Average power:				2.4093 W (±0.0284)

ADD
Average execution time:			45784.3800 μs (±1802.4799)
Average energy spent: 			0.1086 J (±0.0035)
Average power:				2.3735 W (±0.0272)

CONV_2D
Average execution time:			49115.3650 μs (±3875.0269)
Average energy spent: 			0.1784 J (±0.0067)
Average power:				3.6394 W (±0.1280)

Dragunov_Slicing
Average execution time:			6077.6250 μs (±301.3155)
Average energy spent: 			0.0176 J (±0.0013)
Average power:				2.9141 W (±0.0824)

Dragunov_Phase_C
Average execution time:			7969.7650 μs (±766.2064)
Average energy spent: 			0.0282 J (±0.0023)
Average power:				3.5550 W (±0.1570)

Dragunov_Phase_Z
Average execution time:			100091.3950 μs (±1804.7329)
Average energy spent: 			0.2992 J (±0.0044)
Average power:				2.9895 W (±0.0251)

Dragunov_Phase_F
Average execution time:			7717.8450 μs (±361.2630)
Average energy spent: 			0.0284 J (±0.0019)
Average power:				3.6916 W (±0.1358)

Dragunov_Sum
Average execution time:			18796.4000 μs (±699.9192)
Average energy spent: 			0.0503 J (±0.0018)
Average power:				2.6709 W (±0.0506)

Dragunov_Bias_RELU
Average execution time:			1254.3450 μs (±69.0996)
Average energy spent: 			0.0055 J (±0.0011)
Average power:				4.6794 W (±0.5140)

CONV_2D
Average execution time:			60928.4200 μs (±1087.9657)
Average energy spent: 			0.1960 J (±0.0027)
Average power:				3.2137 W (±0.0310)

ADD
Average execution time:			6935.3900 μs (±352.0284)
Average energy spent: 			0.0223 J (±0.0013)
Average power:				3.2203 W (±0.0779)

MUL
Average execution time:			46170.1950 μs (±1757.1866)
Average energy spent: 			0.1110 J (±0.0035)
Average power:				2.4050 W (±0.0266)

ADD
Average execution time:			46362.3900 μs (±1752.1652)
Average energy spent: 			0.1098 J (±0.0035)
Average power:				2.3688 W (±0.0283)

MAX_POOL_2D
Average execution time:			3958.2050 μs (±173.6461)
Average energy spent: 			0.0124 J (±0.0010)
Average power:				3.1583 W (±0.1129)

CONV_2D
Average execution time:			49513.1000 μs (±4388.0435)
Average energy spent: 			0.1789 J (±0.0078)
Average power:				3.6262 W (±0.1415)

PAD
Average execution time:			1235.3900 μs (±52.5220)
Average energy spent: 			0.0058 J (±0.0011)
Average power:				4.9123 W (±0.6174)

Dragunov_Slicing
Average execution time:			6801.5750 μs (±339.5831)
Average energy spent: 			0.0196 J (±0.0011)
Average power:				2.8674 W (±0.0704)

Dragunov_Phase_C
Average execution time:			8962.7700 μs (±947.2836)
Average energy spent: 			0.0312 J (±0.0025)
Average power:				3.5014 W (±0.1700)

Dragunov_Phase_Z
Average execution time:			23117.3300 μs (±1304.7064)
Average energy spent: 			0.0732 J (±0.0029)
Average power:				3.1692 W (±0.0644)

Dragunov_Phase_F
Average execution time:			5111.5850 μs (±217.4136)
Average energy spent: 			0.0164 J (±0.0013)
Average power:				3.2194 W (±0.1314)

Dragunov_Sum
Average execution time:			4543.2250 μs (±174.5401)
Average energy spent: 			0.0132 J (±0.0012)
Average power:				2.9160 W (±0.0905)

Dragunov_Bias_RELU
Average execution time:			255.9650 μs (±43.2804)
Average energy spent: 			0.0012 J (±0.0020)
Average power:				1.1530 W (±1.9975)

CONV_2D
Average execution time:			14903.0000 μs (±1941.4004)
Average energy spent: 			0.0499 J (±0.0040)
Average power:				3.3620 W (±0.1572)

ADD
Average execution time:			1781.8000 μs (±111.8561)
Average energy spent: 			0.0078 J (±0.0013)
Average power:				4.5528 W (±0.6592)

MUL
Average execution time:			11545.8150 μs (±470.2522)
Average energy spent: 			0.0305 J (±0.0015)
Average power:				2.6300 W (±0.0604)

ADD
Average execution time:			11510.3550 μs (±451.4448)
Average energy spent: 			0.0290 J (±0.0014)
Average power:				2.5333 W (±0.0457)

CONV_2D
Average execution time:			111939.0800 μs (±8758.7991)
Average energy spent: 			0.3702 J (±0.0180)
Average power:				3.3141 W (±0.0981)

CONV_2D
Average execution time:			27678.0450 μs (±1892.9518)
Average energy spent: 			0.0965 J (±0.0041)
Average power:				3.4849 W (±0.1020)

Dragunov_Slicing
Average execution time:			2972.9650 μs (±135.9724)
Average energy spent: 			0.0099 J (±0.0009)
Average power:				3.4032 W (±0.1858)

Dragunov_Phase_C
Average execution time:			6547.9300 μs (±668.3923)
Average energy spent: 			0.0233 J (±0.0020)
Average power:				3.5606 W (±0.1715)

Dragunov_Phase_Z
Average execution time:			57919.5700 μs (±3295.1153)
Average energy spent: 			0.1819 J (±0.0069)
Average power:				3.1446 W (±0.0576)

Dragunov_Phase_F
Average execution time:			6368.5150 μs (±324.6991)
Average energy spent: 			0.0236 J (±0.0019)
Average power:				3.7070 W (±0.1270)

Dragunov_Sum
Average execution time:			9159.0400 μs (±362.4211)
Average energy spent: 			0.0265 J (±0.0016)
Average power:				2.8941 W (±0.0892)

Dragunov_Bias_RELU
Average execution time:			589.0350 μs (±39.6234)
Average energy spent: 			0.0027 J (±0.0024)
Average power:				2.6741 W (±2.3732)

CONV_2D
Average execution time:			56733.7750 μs (±3317.3521)
Average energy spent: 			0.1891 J (±0.0074)
Average power:				3.3324 W (±0.0674)

ADD
Average execution time:			3518.3100 μs (±158.1136)
Average energy spent: 			0.0127 J (±0.0014)
Average power:				3.6995 W (±0.1663)

MUL
Average execution time:			22914.8850 μs (±881.3230)
Average energy spent: 			0.0570 J (±0.0021)
Average power:				2.4851 W (±0.0353)

ADD
Average execution time:			22897.0350 μs (±844.4861)
Average energy spent: 			0.0558 J (±0.0019)
Average power:				2.4323 W (±0.0342)

CONV_2D
Average execution time:			50914.2650 μs (±4041.8374)
Average energy spent: 			0.1761 J (±0.0083)
Average power:				3.4644 W (±0.1045)

Dragunov_Slicing
Average execution time:			2953.0750 μs (±146.7494)
Average energy spent: 			0.0098 J (±0.0009)
Average power:				3.3599 W (±0.1544)

Dragunov_Phase_C
Average execution time:			6416.4800 μs (±531.4942)
Average energy spent: 			0.0228 J (±0.0017)
Average power:				3.5525 W (±0.1533)

Dragunov_Phase_Z
Average execution time:			57831.6550 μs (±2524.0187)
Average energy spent: 			0.1816 J (±0.0053)
Average power:				3.1419 W (±0.0495)

Dragunov_Phase_F
Average execution time:			6346.3800 μs (±288.9311)
Average energy spent: 			0.0234 J (±0.0018)
Average power:				3.6984 W (±0.1272)

Dragunov_Sum
Average execution time:			9135.3300 μs (±351.4699)
Average energy spent: 			0.0266 J (±0.0016)
Average power:				2.9063 W (±0.0932)

Dragunov_Bias_RELU
Average execution time:			504.3200 μs (±34.9564)
Average energy spent: 			0.0024 J (±0.0024)
Average power:				2.4060 W (±2.4097)

CONV_2D
Average execution time:			57505.3750 μs (±4668.3557)
Average energy spent: 			0.1907 J (±0.0101)
Average power:				3.3194 W (±0.0800)

ADD
Average execution time:			3311.2250 μs (±151.2643)
Average energy spent: 			0.0123 J (±0.0013)
Average power:				3.7146 W (±0.1622)

MUL
Average execution time:			22825.5100 μs (±862.3780)
Average energy spent: 			0.0568 J (±0.0021)
Average power:				2.4924 W (±0.0473)

ADD
Average execution time:			22815.7250 μs (±830.7394)
Average energy spent: 			0.0555 J (±0.0020)
Average power:				2.4351 W (±0.0285)

CONV_2D
Average execution time:			51176.5750 μs (±4341.7356)
Average energy spent: 			0.1773 J (±0.0092)
Average power:				3.4713 W (±0.1020)

Dragunov_Slicing
Average execution time:			2932.8950 μs (±139.2874)
Average energy spent: 			0.0098 J (±0.0009)
Average power:				3.3536 W (±0.1757)

Dragunov_Phase_C
Average execution time:			6471.1650 μs (±762.1274)
Average energy spent: 			0.0229 J (±0.0022)
Average power:				3.5565 W (±0.1679)

Dragunov_Phase_Z
Average execution time:			58118.4700 μs (±3019.6014)
Average energy spent: 			0.1824 J (±0.0063)
Average power:				3.1419 W (±0.0599)

Dragunov_Phase_F
Average execution time:			6347.9700 μs (±230.5818)
Average energy spent: 			0.0235 J (±0.0017)
Average power:				3.7126 W (±0.1293)

Dragunov_Sum
Average execution time:			9062.2300 μs (±357.1391)
Average energy spent: 			0.0265 J (±0.0016)
Average power:				2.9106 W (±0.0885)

Dragunov_Bias_RELU
Average execution time:			494.1300 μs (±29.8654)
Average energy spent: 			0.0021 J (±0.0024)
Average power:				2.1017 W (±2.3738)

CONV_2D
Average execution time:			56762.4750 μs (±3095.6350)
Average energy spent: 			0.1889 J (±0.0070)
Average power:				3.3268 W (±0.0619)

ADD
Average execution time:			3293.4650 μs (±129.1972)
Average energy spent: 			0.0122 J (±0.0012)
Average power:				3.7872 W (±0.1483)

MUL
Average execution time:			22674.6200 μs (±857.1872)
Average energy spent: 			0.0566 J (±0.0021)
Average power:				2.4951 W (±0.0415)

ADD
Average execution time:			22661.9350 μs (±850.9363)
Average energy spent: 			0.0551 J (±0.0019)
Average power:				2.4378 W (±0.0311)

CONV_2D
Average execution time:			50878.8450 μs (±4226.5410)
Average energy spent: 			0.1761 J (±0.0087)
Average power:				3.4677 W (±0.1070)

Dragunov_Slicing
Average execution time:			2919.9000 μs (±138.2327)
Average energy spent: 			0.0097 J (±0.0009)
Average power:				3.3705 W (±0.1970)

Dragunov_Phase_C
Average execution time:			6522.7000 μs (±712.8481)
Average energy spent: 			0.0231 J (±0.0022)
Average power:				3.5397 W (±0.1817)

Dragunov_Phase_Z
Average execution time:			57858.5400 μs (±2251.5196)
Average energy spent: 			0.1817 J (±0.0051)
Average power:				3.1444 W (±0.0412)

Dragunov_Phase_F
Average execution time:			6349.4000 μs (±308.7415)
Average energy spent: 			0.0237 J (±0.0019)
Average power:				3.7037 W (±0.1226)

Dragunov_Sum
Average execution time:			9032.8500 μs (±322.4053)
Average energy spent: 			0.0261 J (±0.0015)
Average power:				2.9115 W (±0.0972)

Dragunov_Bias_RELU
Average execution time:			492.6900 μs (±31.3140)
Average energy spent: 			0.0027 J (±0.0024)
Average power:				2.7025 W (±2.3744)

CONV_2D
Average execution time:			57119.8900 μs (±3620.0675)
Average energy spent: 			0.1896 J (±0.0082)
Average power:				3.3226 W (±0.0703)

ADD
Average execution time:			3482.1800 μs (±138.0834)
Average energy spent: 			0.0128 J (±0.0014)
Average power:				3.7212 W (±0.1717)

MUL
Average execution time:			22601.2450 μs (±845.6105)
Average energy spent: 			0.0563 J (±0.0019)
Average power:				2.4958 W (±0.0332)

ADD
Average execution time:			22622.5650 μs (±828.2117)
Average energy spent: 			0.0552 J (±0.0019)
Average power:				2.4396 W (±0.0260)

CONV_2D
Average execution time:			50525.9100 μs (±3649.6841)
Average energy spent: 			0.1758 J (±0.0077)
Average power:				3.4831 W (±0.0959)

Dragunov_Slicing
Average execution time:			2911.3150 μs (±144.5067)
Average energy spent: 			0.0098 J (±0.0008)
Average power:				3.3690 W (±0.1559)

Dragunov_Phase_C
Average execution time:			6538.7350 μs (±756.5971)
Average energy spent: 			0.0231 J (±0.0021)
Average power:				3.5636 W (±0.1766)

Dragunov_Phase_Z
Average execution time:			57851.4750 μs (±2343.7401)
Average energy spent: 			0.1817 J (±0.0055)
Average power:				3.1455 W (±0.0436)

Dragunov_Phase_F
Average execution time:			6369.9450 μs (±265.1578)
Average energy spent: 			0.0236 J (±0.0017)
Average power:				3.6930 W (±0.1225)

Dragunov_Sum
Average execution time:			9018.7900 μs (±330.9240)
Average energy spent: 			0.0265 J (±0.0015)
Average power:				2.9239 W (±0.0971)

Dragunov_Bias_RELU
Average execution time:			588.4400 μs (±71.6226)
Average energy spent: 			0.0029 J (±0.0024)
Average power:				2.8938 W (±2.3649)

CONV_2D
Average execution time:			56926.7300 μs (±3557.8423)
Average energy spent: 			0.1887 J (±0.0081)
Average power:				3.3206 W (±0.0695)

ADD
Average execution time:			3276.9700 μs (±130.0584)
Average energy spent: 			0.0123 J (±0.0013)
Average power:				3.7896 W (±0.1626)

MUL
Average execution time:			22555.3800 μs (±829.1774)
Average energy spent: 			0.0564 J (±0.0023)
Average power:				2.5022 W (±0.0449)

ADD
Average execution time:			22500.1600 μs (±787.3503)
Average energy spent: 			0.0549 J (±0.0018)
Average power:				2.4434 W (±0.0339)

CONV_2D
Average execution time:			50558.1700 μs (±3724.3070)
Average energy spent: 			0.1755 J (±0.0079)
Average power:				3.4775 W (±0.0977)

Dragunov_Slicing
Average execution time:			2901.9700 μs (±136.0196)
Average energy spent: 			0.0097 J (±0.0009)
Average power:				3.3828 W (±0.1912)

Dragunov_Phase_C
Average execution time:			6542.9250 μs (±802.7786)
Average energy spent: 			0.0230 J (±0.0023)
Average power:				3.5386 W (±0.1791)

Dragunov_Phase_Z
Average execution time:			57844.3750 μs (±2157.7403)
Average energy spent: 			0.1818 J (±0.0045)
Average power:				3.1448 W (±0.0442)

Dragunov_Phase_F
Average execution time:			6350.4050 μs (±235.3822)
Average energy spent: 			0.0236 J (±0.0017)
Average power:				3.7021 W (±0.1333)

Dragunov_Sum
Average execution time:			8979.9700 μs (±334.9681)
Average energy spent: 			0.0261 J (±0.0015)
Average power:				2.9082 W (±0.0887)

Dragunov_Bias_RELU
Average execution time:			583.6300 μs (±46.8069)
Average energy spent: 			0.0027 J (±0.0024)
Average power:				2.7445 W (±2.3608)

CONV_2D
Average execution time:			57081.5350 μs (±3675.5409)
Average energy spent: 			0.1897 J (±0.0085)
Average power:				3.3262 W (±0.0691)

ADD
Average execution time:			3280.4950 μs (±138.6713)
Average energy spent: 			0.0124 J (±0.0013)
Average power:				3.7844 W (±0.1559)

MUL
Average execution time:			22538.3600 μs (±825.0070)
Average energy spent: 			0.0565 J (±0.0021)
Average power:				2.5016 W (±0.0397)

ADD
Average execution time:			22524.0350 μs (±822.4655)
Average energy spent: 			0.0550 J (±0.0018)
Average power:				2.4426 W (±0.0305)

CONV_2D
Average execution time:			51033.9850 μs (±4279.8563)
Average energy spent: 			0.1773 J (±0.0088)
Average power:				3.4813 W (±0.1116)

Dragunov_Slicing
Average execution time:			2911.0200 μs (±141.2518)
Average energy spent: 			0.0097 J (±0.0011)
Average power:				3.3881 W (±0.1735)

Dragunov_Phase_C
Average execution time:			6547.0700 μs (±734.2713)
Average energy spent: 			0.0233 J (±0.0021)
Average power:				3.5507 W (±0.1668)

Dragunov_Phase_Z
Average execution time:			58077.9900 μs (±2749.1965)
Average energy spent: 			0.1821 J (±0.0058)
Average power:				3.1409 W (±0.0495)

Dragunov_Phase_F
Average execution time:			6347.6000 μs (±200.0834)
Average energy spent: 			0.0236 J (±0.0017)
Average power:				3.7021 W (±0.1193)

Dragunov_Sum
Average execution time:			9001.4400 μs (±347.8740)
Average energy spent: 			0.0262 J (±0.0017)
Average power:				2.9110 W (±0.0910)

Dragunov_Bias_RELU
Average execution time:			495.4200 μs (±32.8640)
Average energy spent: 			0.0023 J (±0.0024)
Average power:				2.2789 W (±2.3974)

CONV_2D
Average execution time:			57529.3700 μs (±3675.2540)
Average energy spent: 			0.1904 J (±0.0083)
Average power:				3.3159 W (±0.0718)

ADD
Average execution time:			3462.1550 μs (±140.9609)
Average energy spent: 			0.0128 J (±0.0014)
Average power:				3.6525 W (±0.1569)

MUL
Average execution time:			22535.1850 μs (±850.0120)
Average energy spent: 			0.0561 J (±0.0020)
Average power:				2.4939 W (±0.0384)

ADD
Average execution time:			22550.0250 μs (±837.0978)
Average energy spent: 			0.0550 J (±0.0019)
Average power:				2.4434 W (±0.0306)

CONV_2D
Average execution time:			50691.5250 μs (±3508.9294)
Average energy spent: 			0.1761 J (±0.0075)
Average power:				3.4779 W (±0.0921)

Dragunov_Slicing
Average execution time:			2899.2850 μs (±132.2312)
Average energy spent: 			0.0097 J (±0.0009)
Average power:				3.3743 W (±0.1772)

Dragunov_Phase_C
Average execution time:			6508.5400 μs (±711.7112)
Average energy spent: 			0.0232 J (±0.0022)
Average power:				3.5479 W (±0.1714)

Dragunov_Phase_Z
Average execution time:			57820.4350 μs (±1952.1189)
Average energy spent: 			0.1819 J (±0.0044)
Average power:				3.1504 W (±0.0443)

Dragunov_Phase_F
Average execution time:			6326.2600 μs (±179.2839)
Average energy spent: 			0.0235 J (±0.0017)
Average power:				3.7071 W (±0.1098)

Dragunov_Sum
Average execution time:			9003.9750 μs (±347.9868)
Average energy spent: 			0.0263 J (±0.0015)
Average power:				2.9125 W (±0.0880)

Dragunov_Bias_RELU
Average execution time:			589.3100 μs (±40.1783)
Average energy spent: 			0.0024 J (±0.0024)
Average power:				2.3718 W (±2.4225)

CONV_2D
Average execution time:			57570.4150 μs (±4464.1911)
Average energy spent: 			0.1906 J (±0.0099)
Average power:				3.3149 W (±0.0795)

ADD
Average execution time:			3279.6800 μs (±152.4841)
Average energy spent: 			0.0124 J (±0.0013)
Average power:				3.7808 W (±0.1467)

MUL
Average execution time:			22485.7400 μs (±889.2520)
Average energy spent: 			0.0562 J (±0.0023)
Average power:				2.5021 W (±0.0386)

ADD
Average execution time:			22486.2850 μs (±851.2583)
Average energy spent: 			0.0549 J (±0.0020)
Average power:				2.4466 W (±0.0421)

CONV_2D
Average execution time:			50806.5700 μs (±4578.9955)
Average energy spent: 			0.1770 J (±0.0096)
Average power:				3.4865 W (±0.1014)

Dragunov_Slicing
Average execution time:			2909.3400 μs (±147.6922)
Average energy spent: 			0.0097 J (±0.0009)
Average power:				3.3732 W (±0.1680)

Dragunov_Phase_C
Average execution time:			6648.2850 μs (±851.7984)
Average energy spent: 			0.0233 J (±0.0022)
Average power:				3.5523 W (±0.1838)

Dragunov_Phase_Z
Average execution time:			58227.8750 μs (±2775.5489)
Average energy spent: 			0.1825 J (±0.0057)
Average power:				3.1364 W (±0.0519)

Dragunov_Phase_F
Average execution time:			6377.1750 μs (±281.8288)
Average energy spent: 			0.0236 J (±0.0017)
Average power:				3.6906 W (±0.1331)

Dragunov_Sum
Average execution time:			8987.3850 μs (±363.5610)
Average energy spent: 			0.0260 J (±0.0015)
Average power:				2.9024 W (±0.0869)

Dragunov_Bias_RELU
Average execution time:			499.4150 μs (±70.0539)
Average energy spent: 			0.0026 J (±0.0024)
Average power:				2.5661 W (±2.3958)

CONV_2D
Average execution time:			57596.9000 μs (±3583.0727)
Average energy spent: 			0.1915 J (±0.0079)
Average power:				3.3281 W (±0.0712)

ADD
Average execution time:			3261.7600 μs (±130.2763)
Average energy spent: 			0.0121 J (±0.0012)
Average power:				3.7543 W (±0.1366)

MUL
Average execution time:			22484.3300 μs (±862.4046)
Average energy spent: 			0.0563 J (±0.0020)
Average power:				2.5020 W (±0.0369)

ADD
Average execution time:			22474.7800 μs (±817.9278)
Average energy spent: 			0.0549 J (±0.0020)
Average power:				2.4471 W (±0.0378)

CONV_2D
Average execution time:			50444.9200 μs (±3616.4370)
Average energy spent: 			0.1759 J (±0.0076)
Average power:				3.4933 W (±0.0897)

Dragunov_Slicing
Average execution time:			2904.5150 μs (±143.6146)
Average energy spent: 			0.0098 J (±0.0010)
Average power:				3.3940 W (±0.1801)

Dragunov_Phase_C
Average execution time:			6493.2350 μs (±653.1772)
Average energy spent: 			0.0232 J (±0.0021)
Average power:				3.5814 W (±0.1705)

Dragunov_Phase_Z
Average execution time:			58080.5400 μs (±1836.0398)
Average energy spent: 			0.1824 J (±0.0041)
Average power:				3.1411 W (±0.0434)

Dragunov_Phase_F
Average execution time:			6358.5800 μs (±187.3057)
Average energy spent: 			0.0234 J (±0.0017)
Average power:				3.7054 W (±0.1146)

Dragunov_Sum
Average execution time:			8973.0500 μs (±344.2619)
Average energy spent: 			0.0260 J (±0.0015)
Average power:				2.8978 W (±0.0847)

Dragunov_Bias_RELU
Average execution time:			490.8500 μs (±30.6248)
Average energy spent: 			0.0024 J (±0.0024)
Average power:				2.4414 W (±2.3948)

CONV_2D
Average execution time:			57601.4550 μs (±4634.1469)
Average energy spent: 			0.1904 J (±0.0099)
Average power:				3.3145 W (±0.0878)

ADD
Average execution time:			3460.8250 μs (±152.9773)
Average energy spent: 			0.0129 J (±0.0014)
Average power:				3.7202 W (±0.1509)

MUL
Average execution time:			22481.2500 μs (±823.6181)
Average energy spent: 			0.0562 J (±0.0021)
Average power:				2.4990 W (±0.0365)

ADD
Average execution time:			22458.3750 μs (±804.7173)
Average energy spent: 			0.0550 J (±0.0021)
Average power:				2.4492 W (±0.0344)

CONV_2D
Average execution time:			50293.4550 μs (±3174.7853)
Average energy spent: 			0.1758 J (±0.0067)
Average power:				3.4997 W (±0.0800)

Dragunov_Slicing
Average execution time:			2906.9850 μs (±153.0984)
Average energy spent: 			0.0098 J (±0.0009)
Average power:				3.3773 W (±0.1791)

Dragunov_Phase_C
Average execution time:			6572.2000 μs (±730.0915)
Average energy spent: 			0.0233 J (±0.0020)
Average power:				3.5658 W (±0.1630)

Dragunov_Phase_Z
Average execution time:			58131.5650 μs (±3017.2951)
Average energy spent: 			0.1824 J (±0.0060)
Average power:				3.1376 W (±0.0521)

Dragunov_Phase_F
Average execution time:			6359.3400 μs (±291.8194)
Average energy spent: 			0.0235 J (±0.0017)
Average power:				3.7013 W (±0.1268)

Dragunov_Sum
Average execution time:			8995.6050 μs (±357.5504)
Average energy spent: 			0.0261 J (±0.0014)
Average power:				2.9053 W (±0.0794)

Dragunov_Bias_RELU
Average execution time:			591.0650 μs (±47.0592)
Average energy spent: 			0.0028 J (±0.0024)
Average power:				2.7778 W (±2.3904)

CONV_2D
Average execution time:			57371.2750 μs (±2999.2094)
Average energy spent: 			0.1901 J (±0.0071)
Average power:				3.3176 W (±0.0551)

ADD
Average execution time:			3258.5200 μs (±134.4519)
Average energy spent: 			0.0123 J (±0.0013)
Average power:				3.7264 W (±0.1443)

MUL
Average execution time:			22427.7150 μs (±811.3733)
Average energy spent: 			0.0559 J (±0.0021)
Average power:				2.4964 W (±0.0322)

ADD
Average execution time:			22447.2350 μs (±789.5407)
Average energy spent: 			0.0549 J (±0.0020)
Average power:				2.4444 W (±0.0372)

CONV_2D
Average execution time:			50761.5250 μs (±3805.2115)
Average energy spent: 			0.1760 J (±0.0081)
Average power:				3.4745 W (±0.0988)

Dragunov_Slicing
Average execution time:			2908.3650 μs (±138.7455)
Average energy spent: 			0.0098 J (±0.0009)
Average power:				3.3788 W (±0.1602)

Dragunov_Phase_C
Average execution time:			6505.6850 μs (±728.0295)
Average energy spent: 			0.0233 J (±0.0020)
Average power:				3.5895 W (±0.1686)

Dragunov_Phase_Z
Average execution time:			57934.6600 μs (±1823.8256)
Average energy spent: 			0.1820 J (±0.0043)
Average power:				3.1432 W (±0.0382)

Dragunov_Phase_F
Average execution time:			6367.4400 μs (±341.0811)
Average energy spent: 			0.0234 J (±0.0017)
Average power:				3.7027 W (±0.1275)

Dragunov_Sum
Average execution time:			8972.7350 μs (±346.4483)
Average energy spent: 			0.0261 J (±0.0016)
Average power:				2.9021 W (±0.0778)

Dragunov_Bias_RELU
Average execution time:			489.9400 μs (±28.5704)
Average energy spent: 			0.0023 J (±0.0024)
Average power:				2.2873 W (±2.4068)

CONV_2D
Average execution time:			57450.0100 μs (±3243.6562)
Average energy spent: 			0.1902 J (±0.0073)
Average power:				3.3152 W (±0.0634)

ADD
Average execution time:			3266.7100 μs (±128.9542)
Average energy spent: 			0.0123 J (±0.0013)
Average power:				3.7317 W (±0.1442)

MUL
Average execution time:			22433.6400 μs (±823.3704)
Average energy spent: 			0.0561 J (±0.0020)
Average power:				2.5007 W (±0.0399)

ADD
Average execution time:			22409.3100 μs (±793.8585)
Average energy spent: 			0.0548 J (±0.0019)
Average power:				2.4471 W (±0.0351)

CONV_2D
Average execution time:			50740.9300 μs (±3812.4165)
Average energy spent: 			0.1757 J (±0.0079)
Average power:				3.4735 W (±0.1012)

Dragunov_Slicing
Average execution time:			2906.0450 μs (±133.9184)
Average energy spent: 			0.0097 J (±0.0010)
Average power:				3.3952 W (±0.1872)

Dragunov_Phase_C
Average execution time:			6516.8600 μs (±775.9228)
Average energy spent: 			0.0232 J (±0.0022)
Average power:				3.5393 W (±0.1692)

Dragunov_Phase_Z
Average execution time:			58195.8950 μs (±2339.8670)
Average energy spent: 			0.1824 J (±0.0048)
Average power:				3.1378 W (±0.0482)

Dragunov_Phase_F
Average execution time:			6354.1250 μs (±183.1777)
Average energy spent: 			0.0234 J (±0.0017)
Average power:				3.7063 W (±0.1294)

Dragunov_Sum
Average execution time:			8969.6600 μs (±326.4590)
Average energy spent: 			0.0262 J (±0.0015)
Average power:				2.9097 W (±0.0881)

Dragunov_Bias_RELU
Average execution time:			494.6650 μs (±36.8560)
Average energy spent: 			0.0022 J (±0.0024)
Average power:				2.1955 W (±2.3810)

CONV_2D
Average execution time:			56941.5350 μs (±3292.2050)
Average energy spent: 			0.1892 J (±0.0076)
Average power:				3.3237 W (±0.0655)

ADD
Average execution time:			3470.3350 μs (±166.0536)
Average energy spent: 			0.0128 J (±0.0014)
Average power:				3.7221 W (±0.1627)

MUL
Average execution time:			22471.0550 μs (±836.7201)
Average energy spent: 			0.0562 J (±0.0021)
Average power:				2.4999 W (±0.0351)

ADD
Average execution time:			22456.4900 μs (±821.4342)
Average energy spent: 			0.0550 J (±0.0019)
Average power:				2.4449 W (±0.0298)

CONV_2D
Average execution time:			50460.1900 μs (±3543.0512)
Average energy spent: 			0.1756 J (±0.0076)
Average power:				3.4903 W (±0.0893)

Dragunov_Slicing
Average execution time:			2905.4850 μs (±131.0554)
Average energy spent: 			0.0098 J (±0.0009)
Average power:				3.3913 W (±0.1933)

Dragunov_Phase_C
Average execution time:			6520.4200 μs (±710.9653)
Average energy spent: 			0.0233 J (±0.0021)
Average power:				3.5618 W (±0.1684)

Dragunov_Phase_Z
Average execution time:			58518.9450 μs (±3525.5724)
Average energy spent: 			0.1832 J (±0.0074)
Average power:				3.1339 W (±0.0608)

Dragunov_Phase_F
Average execution time:			6387.8750 μs (±290.2224)
Average energy spent: 			0.0235 J (±0.0017)
Average power:				3.6860 W (±0.1182)

Dragunov_Sum
Average execution time:			8985.7550 μs (±345.9485)
Average energy spent: 			0.0262 J (±0.0016)
Average power:				2.9156 W (±0.0886)

Dragunov_Bias_RELU
Average execution time:			502.7550 μs (±60.9947)
Average energy spent: 			0.0024 J (±0.0024)
Average power:				2.4135 W (±2.4150)

CONV_2D
Average execution time:			57160.0850 μs (±3517.2020)
Average energy spent: 			0.1899 J (±0.0081)
Average power:				3.3265 W (±0.0704)

ADD
Average execution time:			3267.4400 μs (±129.9190)
Average energy spent: 			0.0124 J (±0.0013)
Average power:				3.7805 W (±0.1539)

MUL
Average execution time:			22397.2200 μs (±800.5250)
Average energy spent: 			0.0560 J (±0.0020)
Average power:				2.5040 W (±0.0422)

ADD
Average execution time:			22537.9350 μs (±785.9283)
Average energy spent: 			0.0551 J (±0.0020)
Average power:				2.4477 W (±0.0390)

CONV_2D
Average execution time:			50608.7850 μs (±3891.1388)
Average energy spent: 			0.1767 J (±0.0081)
Average power:				3.4974 W (±0.1012)

Dragunov_Slicing
Average execution time:			2909.7800 μs (±138.1963)
Average energy spent: 			0.0098 J (±0.0009)
Average power:				3.3712 W (±0.1619)

Dragunov_Phase_C
Average execution time:			6614.9100 μs (±782.4688)
Average energy spent: 			0.0235 J (±0.0021)
Average power:				3.5636 W (±0.1880)

Dragunov_Phase_Z
Average execution time:			58343.8350 μs (±2905.7694)
Average energy spent: 			0.1828 J (±0.0058)
Average power:				3.1359 W (±0.0536)

Dragunov_Phase_F
Average execution time:			6369.2150 μs (±341.5798)
Average energy spent: 			0.0234 J (±0.0018)
Average power:				3.6917 W (±0.1358)

Dragunov_Sum
Average execution time:			8978.7550 μs (±333.7012)
Average energy spent: 			0.0261 J (±0.0016)
Average power:				2.9054 W (±0.0843)

Dragunov_Bias_RELU
Average execution time:			584.6550 μs (±41.6617)
Average energy spent: 			0.0029 J (±0.0024)
Average power:				2.8515 W (±2.3544)

CONV_2D
Average execution time:			57248.5600 μs (±3766.9632)
Average energy spent: 			0.1901 J (±0.0083)
Average power:				3.3257 W (±0.0731)

ADD
Average execution time:			3263.8950 μs (±129.6473)
Average energy spent: 			0.0122 J (±0.0012)
Average power:				3.7976 W (±0.1376)

MUL
Average execution time:			22436.7500 μs (±832.5501)
Average energy spent: 			0.0563 J (±0.0021)
Average power:				2.5039 W (±0.0414)

ADD
Average execution time:			22432.4800 μs (±788.2010)
Average energy spent: 			0.0549 J (±0.0019)
Average power:				2.4489 W (±0.0366)

CONV_2D
Average execution time:			50799.1900 μs (±3927.5166)
Average energy spent: 			0.1760 J (±0.0081)
Average power:				3.4739 W (±0.0977)

Dragunov_Slicing
Average execution time:			2899.2550 μs (±144.2279)
Average energy spent: 			0.0098 J (±0.0009)
Average power:				3.3547 W (±0.1691)

Dragunov_Phase_C
Average execution time:			6515.3550 μs (±709.6764)
Average energy spent: 			0.0231 J (±0.0021)
Average power:				3.5506 W (±0.1681)

Dragunov_Phase_Z
Average execution time:			58113.8350 μs (±2678.3251)
Average energy spent: 			0.1823 J (±0.0056)
Average power:				3.1390 W (±0.0477)

Dragunov_Phase_F
Average execution time:			6335.8550 μs (±188.0525)
Average energy spent: 			0.0233 J (±0.0016)
Average power:				3.6892 W (±0.1343)

Dragunov_Sum
Average execution time:			8958.9450 μs (±363.2837)
Average energy spent: 			0.0261 J (±0.0015)
Average power:				2.9135 W (±0.0823)

Dragunov_Bias_RELU
Average execution time:			491.5350 μs (±32.1872)
Average energy spent: 			0.0021 J (±0.0024)
Average power:				2.1292 W (±2.3793)

CONV_2D
Average execution time:			57478.4350 μs (±4242.9738)
Average energy spent: 			0.1906 J (±0.0094)
Average power:				3.3182 W (±0.0750)

ADD
Average execution time:			3454.9800 μs (±146.1806)
Average energy spent: 			0.0126 J (±0.0014)
Average power:				3.6889 W (±0.1586)

MUL
Average execution time:			22432.0250 μs (±817.9847)
Average energy spent: 			0.0561 J (±0.0020)
Average power:				2.5027 W (±0.0352)

ADD
Average execution time:			22489.5050 μs (±782.8953)
Average energy spent: 			0.0551 J (±0.0017)
Average power:				2.4468 W (±0.0313)

CONV_2D
Average execution time:			50605.4350 μs (±4239.2963)
Average energy spent: 			0.1757 J (±0.0088)
Average power:				3.4818 W (±0.1001)

Dragunov_Slicing
Average execution time:			2893.1450 μs (±126.5029)
Average energy spent: 			0.0097 J (±0.0009)
Average power:				3.3733 W (±0.1716)

Dragunov_Phase_C
Average execution time:			6468.9000 μs (±683.6842)
Average energy spent: 			0.0229 J (±0.0020)
Average power:				3.5568 W (±0.1630)

Dragunov_Phase_Z
Average execution time:			58037.0450 μs (±2765.1976)
Average energy spent: 			0.1823 J (±0.0059)
Average power:				3.1433 W (±0.0497)

Dragunov_Phase_F
Average execution time:			6362.7050 μs (±268.2132)
Average energy spent: 			0.0234 J (±0.0018)
Average power:				3.6981 W (±0.1210)

Dragunov_Sum
Average execution time:			8974.9200 μs (±346.2546)
Average energy spent: 			0.0262 J (±0.0015)
Average power:				2.9189 W (±0.0808)

Dragunov_Bias_RELU
Average execution time:			585.6500 μs (±41.9912)
Average energy spent: 			0.0029 J (±0.0024)
Average power:				2.9119 W (±2.3545)

CONV_2D
Average execution time:			57149.6100 μs (±3679.3956)
Average energy spent: 			0.1898 J (±0.0082)
Average power:				3.3303 W (±0.0715)

ADD
Average execution time:			3264.6950 μs (±153.0120)
Average energy spent: 			0.0125 J (±0.0013)
Average power:				3.7747 W (±0.1583)

MUL
Average execution time:			22434.4450 μs (±844.2968)
Average energy spent: 			0.0562 J (±0.0023)
Average power:				2.5059 W (±0.0385)

ADD
Average execution time:			22403.5700 μs (±815.3207)
Average energy spent: 			0.0548 J (±0.0019)
Average power:				2.4462 W (±0.0352)

CONV_2D
Average execution time:			50128.2250 μs (±3454.4491)
Average energy spent: 			0.1748 J (±0.0079)
Average power:				3.4907 W (±0.0801)

Dragunov_Slicing
Average execution time:			2892.9550 μs (±141.1155)
Average energy spent: 			0.0097 J (±0.0010)
Average power:				3.3676 W (±0.1632)

Dragunov_Phase_C
Average execution time:			6508.6250 μs (±749.8865)
Average energy spent: 			0.0229 J (±0.0021)
Average power:				3.5430 W (±0.1609)

Dragunov_Phase_Z
Average execution time:			58140.8600 μs (±2646.0999)
Average energy spent: 			0.1823 J (±0.0057)
Average power:				3.1411 W (±0.0464)

Dragunov_Phase_F
Average execution time:			6354.4400 μs (±266.8954)
Average energy spent: 			0.0237 J (±0.0019)
Average power:				3.7028 W (±0.1242)

Dragunov_Sum
Average execution time:			8949.9850 μs (±342.9761)
Average energy spent: 			0.0261 J (±0.0016)
Average power:				2.9189 W (±0.0790)

Dragunov_Bias_RELU
Average execution time:			577.1850 μs (±36.4180)
Average energy spent: 			0.0029 J (±0.0024)
Average power:				2.9055 W (±2.3518)

CONV_2D
Average execution time:			57287.2100 μs (±3383.6274)
Average energy spent: 			0.1907 J (±0.0077)
Average power:				3.3316 W (±0.0640)

ADD
Average execution time:			3266.9500 μs (±148.0137)
Average energy spent: 			0.0121 J (±0.0012)
Average power:				3.7485 W (±0.1471)

MUL
Average execution time:			22404.1650 μs (±806.4560)
Average energy spent: 			0.0561 J (±0.0021)
Average power:				2.5046 W (±0.0357)

ADD
Average execution time:			22383.5600 μs (±802.7721)
Average energy spent: 			0.0549 J (±0.0019)
Average power:				2.4509 W (±0.0320)

CONV_2D
Average execution time:			50610.7350 μs (±4135.0927)
Average energy spent: 			0.1756 J (±0.0086)
Average power:				3.4765 W (±0.1051)

Dragunov_Slicing
Average execution time:			2905.1750 μs (±153.4367)
Average energy spent: 			0.0097 J (±0.0011)
Average power:				3.3882 W (±0.1840)

Dragunov_Phase_C
Average execution time:			6559.1800 μs (±700.2287)
Average energy spent: 			0.0230 J (±0.0020)
Average power:				3.5232 W (±0.1631)

Dragunov_Phase_Z
Average execution time:			58061.9450 μs (±2204.8574)
Average energy spent: 			0.1824 J (±0.0049)
Average power:				3.1441 W (±0.0435)

Dragunov_Phase_F
Average execution time:			6357.0500 μs (±345.3471)
Average energy spent: 			0.0234 J (±0.0017)
Average power:				3.6858 W (±0.1318)

Dragunov_Sum
Average execution time:			8952.0350 μs (±333.3916)
Average energy spent: 			0.0262 J (±0.0015)
Average power:				2.9151 W (±0.0826)

Dragunov_Bias_RELU
Average execution time:			581.2000 μs (±35.4233)
Average energy spent: 			0.0027 J (±0.0024)
Average power:				2.7035 W (±2.3744)

CONV_2D
Average execution time:			57238.5000 μs (±4354.7165)
Average energy spent: 			0.1907 J (±0.0095)
Average power:				3.3348 W (±0.0783)

ADD
Average execution time:			3452.4100 μs (±152.4993)
Average energy spent: 			0.0128 J (±0.0014)
Average power:				3.7444 W (±0.1640)

MUL
Average execution time:			22430.4650 μs (±858.0696)
Average energy spent: 			0.0562 J (±0.0021)
Average power:				2.5066 W (±0.0338)

ADD
Average execution time:			22386.9200 μs (±816.1118)
Average energy spent: 			0.0548 J (±0.0018)
Average power:				2.4455 W (±0.0266)

CONV_2D
Average execution time:			50462.3650 μs (±3677.7680)
Average energy spent: 			0.1754 J (±0.0080)
Average power:				3.4818 W (±0.0899)

Dragunov_Slicing
Average execution time:			2893.3350 μs (±151.3602)
Average energy spent: 			0.0097 J (±0.0010)
Average power:				3.3804 W (±0.1810)

Dragunov_Phase_C
Average execution time:			6459.1550 μs (±633.4190)
Average energy spent: 			0.0228 J (±0.0018)
Average power:				3.5463 W (±0.1649)

Dragunov_Phase_Z
Average execution time:			58176.9500 μs (±3010.8197)
Average energy spent: 			0.1827 J (±0.0062)
Average power:				3.1408 W (±0.0524)

Dragunov_Phase_F
Average execution time:			6346.5750 μs (±224.7434)
Average energy spent: 			0.0234 J (±0.0016)
Average power:				3.6949 W (±0.1224)

Dragunov_Sum
Average execution time:			8976.9450 μs (±338.6738)
Average energy spent: 			0.0263 J (±0.0015)
Average power:				2.9182 W (±0.0771)

Dragunov_Bias_RELU
Average execution time:			585.5050 μs (±38.5449)
Average energy spent: 			0.0027 J (±0.0024)
Average power:				2.6961 W (±2.3913)

CONV_2D
Average execution time:			57312.7250 μs (±4135.7341)
Average energy spent: 			0.1911 J (±0.0092)
Average power:				3.3355 W (±0.0709)

ADD
Average execution time:			3257.3800 μs (±122.9662)
Average energy spent: 			0.0120 J (±0.0012)
Average power:				3.7424 W (±0.1347)

MUL
Average execution time:			22374.6400 μs (±810.5878)
Average energy spent: 			0.0559 J (±0.0019)
Average power:				2.5023 W (±0.0302)

ADD
Average execution time:			22398.3900 μs (±801.2841)
Average energy spent: 			0.0547 J (±0.0020)
Average power:				2.4459 W (±0.0285)

CONV_2D
Average execution time:			50927.3600 μs (±4565.7165)
Average energy spent: 			0.1752 J (±0.0097)
Average power:				3.4462 W (±0.1039)

Dragunov_Slicing
Average execution time:			2894.6000 μs (±141.8250)
Average energy spent: 			0.0097 J (±0.0009)
Average power:				3.3797 W (±0.1861)

Dragunov_Phase_C
Average execution time:			6559.5550 μs (±825.1190)
Average energy spent: 			0.0230 J (±0.0023)
Average power:				3.5207 W (±0.1693)

Dragunov_Phase_Z
Average execution time:			58143.5250 μs (±2262.4957)
Average energy spent: 			0.1825 J (±0.0048)
Average power:				3.1405 W (±0.0459)

Dragunov_Phase_F
Average execution time:			6346.7550 μs (±204.4164)
Average energy spent: 			0.0235 J (±0.0016)
Average power:				3.6995 W (±0.1247)

Dragunov_Sum
Average execution time:			8959.0050 μs (±348.0299)
Average energy spent: 			0.0261 J (±0.0014)
Average power:				2.9170 W (±0.0855)

Dragunov_Bias_RELU
Average execution time:			492.0400 μs (±35.2238)
Average energy spent: 			0.0025 J (±0.0024)
Average power:				2.4614 W (±2.3901)

CONV_2D
Average execution time:			57387.2850 μs (±4250.6900)
Average energy spent: 			0.1916 J (±0.0092)
Average power:				3.3440 W (±0.0756)

ADD
Average execution time:			3258.5050 μs (±122.0710)
Average energy spent: 			0.0122 J (±0.0013)
Average power:				3.7477 W (±0.1549)

MUL
Average execution time:			22401.0350 μs (±811.6603)
Average energy spent: 			0.0562 J (±0.0020)
Average power:				2.5062 W (±0.0352)

ADD
Average execution time:			22391.1850 μs (±793.7948)
Average energy spent: 			0.0547 J (±0.0019)
Average power:				2.4454 W (±0.0340)

CONV_2D
Average execution time:			50361.1900 μs (±4504.4903)
Average energy spent: 			0.1738 J (±0.0096)
Average power:				3.4602 W (±0.0931)

Dragunov_Slicing
Average execution time:			2898.0450 μs (±149.1703)
Average energy spent: 			0.0097 J (±0.0011)
Average power:				3.4025 W (±0.1976)

Dragunov_Phase_C
Average execution time:			6646.3150 μs (±833.2143)
Average energy spent: 			0.0233 J (±0.0023)
Average power:				3.5171 W (±0.1815)

Dragunov_Phase_Z
Average execution time:			58097.5300 μs (±2002.3024)
Average energy spent: 			0.1825 J (±0.0043)
Average power:				3.1429 W (±0.0434)

Dragunov_Phase_F
Average execution time:			6364.3150 μs (±268.9990)
Average energy spent: 			0.0236 J (±0.0016)
Average power:				3.6906 W (±0.1209)

Dragunov_Sum
Average execution time:			8927.1500 μs (±307.7345)
Average energy spent: 			0.0260 J (±0.0015)
Average power:				2.9243 W (±0.0788)

Dragunov_Bias_RELU
Average execution time:			491.1300 μs (±30.9212)
Average energy spent: 			0.0024 J (±0.0024)
Average power:				2.4235 W (±2.4014)

CONV_2D
Average execution time:			56948.8700 μs (±4194.5755)
Average energy spent: 			0.1911 J (±0.0094)
Average power:				3.3588 W (±0.0719)

ADD
Average execution time:			3448.3200 μs (±144.5101)
Average energy spent: 			0.0127 J (±0.0014)
Average power:				3.7468 W (±0.1543)

MUL
Average execution time:			22387.1850 μs (±762.1284)
Average energy spent: 			0.0562 J (±0.0019)
Average power:				2.5045 W (±0.0350)

ADD
Average execution time:			22371.4400 μs (±754.9838)
Average energy spent: 			0.0546 J (±0.0019)
Average power:				2.4466 W (±0.0272)

MAX_POOL_2D
Average execution time:			1955.8350 μs (±69.4112)
Average energy spent: 			0.0073 J (±0.0007)
Average power:				3.7284 W (±0.2839)

CONV_2D
Average execution time:			50548.8050 μs (±3977.2287)
Average energy spent: 			0.1745 J (±0.0085)
Average power:				3.4621 W (±0.0990)

PAD
Average execution time:			581.7800 μs (±51.6180)
Average energy spent: 			0.0030 J (±0.0025)
Average power:				3.0048 W (±2.4869)

Dragunov_Slicing
Average execution time:			3584.1100 μs (±162.8455)
Average energy spent: 			0.0117 J (±0.0012)
Average power:				3.2424 W (±0.1354)

Dragunov_Phase_C
Average execution time:			7933.5400 μs (±919.5507)
Average energy spent: 			0.0273 J (±0.0025)
Average power:				3.4882 W (±0.1698)

Dragunov_Phase_Z
Average execution time:			17601.3700 μs (±804.2055)
Average energy spent: 			0.0572 J (±0.0021)
Average power:				3.2413 W (±0.0675)

Dragunov_Phase_F
Average execution time:			5430.5350 μs (±181.1304)
Average energy spent: 			0.0167 J (±0.0014)
Average power:				3.0951 W (±0.1102)

Dragunov_Sum
Average execution time:			2411.5050 μs (±85.5578)
Average energy spent: 			0.0082 J (±0.0012)
Average power:				3.4184 W (±0.2193)

Dragunov_Bias_RELU
Average execution time:			159.2750 μs (±12.4960)
Average energy spent: 			0.0008 J (±0.0018)
Average power:				0.8231 W (±1.7881)

CONV_2D
Average execution time:			24305.5550 μs (±2764.0727)
Average energy spent: 			0.0751 J (±0.0069)
Average power:				3.0917 W (±0.0711)

ADD
Average execution time:			955.0650 μs (±68.3448)
Average energy spent: 			0.0050 J (±0.0014)
Average power:				4.9140 W (±1.3309)

MUL
Average execution time:			6296.6850 μs (±263.1309)
Average energy spent: 			0.0178 J (±0.0011)
Average power:				2.8327 W (±0.0657)

ADD
Average execution time:			6247.3500 μs (±245.2693)
Average energy spent: 			0.0169 J (±0.0009)
Average power:				2.7186 W (±0.0539)

CONV_2D
Average execution time:			146806.1600 μs (±17934.5287)
Average energy spent: 			0.4761 J (±0.0458)
Average power:				3.2500 W (±0.0728)

CONV_2D
Average execution time:			35901.9900 μs (±4508.2610)
Average energy spent: 			0.1202 J (±0.0115)
Average power:				3.3547 W (±0.0816)

Dragunov_Slicing
Average execution time:			1576.7100 μs (±71.9583)
Average energy spent: 			0.0065 J (±0.0013)
Average power:				4.3669 W (±0.6515)

Dragunov_Phase_C
Average execution time:			8086.5850 μs (±317.4242)
Average energy spent: 			0.0275 J (±0.0016)
Average power:				3.3952 W (±0.1222)

Dragunov_Phase_Z
Average execution time:			44272.0900 μs (±1601.6649)
Average energy spent: 			0.1427 J (±0.0040)
Average power:				3.2237 W (±0.0390)

Dragunov_Phase_F
Average execution time:			8102.8650 μs (±243.9406)
Average energy spent: 			0.0286 J (±0.0015)
Average power:				3.5320 W (±0.1333)

Dragunov_Sum
Average execution time:			4893.4400 μs (±180.3536)
Average energy spent: 			0.0157 J (±0.0012)
Average power:				3.2302 W (±0.1436)

Dragunov_Bias_RELU
Average execution time:			269.4550 μs (±26.4556)
Average energy spent: 			0.0013 J (±0.0021)
Average power:				1.2650 W (±2.0812)

CONV_2D
Average execution time:			88642.3200 μs (±10381.5002)
Average energy spent: 			0.2705 J (±0.0253)
Average power:				3.0574 W (±0.0867)

ADD
Average execution time:			1958.5950 μs (±87.3565)
Average energy spent: 			0.0081 J (±0.0008)
Average power:				4.2012 W (±0.3915)

MUL
Average execution time:			12541.0750 μs (±473.7812)
Average energy spent: 			0.0328 J (±0.0015)
Average power:				2.6161 W (±0.0442)

ADD
Average execution time:			12519.8200 μs (±449.5086)
Average energy spent: 			0.0317 J (±0.0013)
Average power:				2.5335 W (±0.0335)

CONV_2D
Average execution time:			64067.0700 μs (±8832.4167)
Average energy spent: 			0.2189 J (±0.0223)
Average power:				3.4245 W (±0.0923)

Dragunov_Slicing
Average execution time:			1582.6000 μs (±74.1552)
Average energy spent: 			0.0064 J (±0.0013)
Average power:				4.3081 W (±0.6475)

Dragunov_Phase_C
Average execution time:			8059.4350 μs (±372.1425)
Average energy spent: 			0.0275 J (±0.0017)
Average power:				3.3877 W (±0.1327)

Dragunov_Phase_Z
Average execution time:			44200.2100 μs (±1344.7855)
Average energy spent: 			0.1425 J (±0.0035)
Average power:				3.2240 W (±0.0394)

Dragunov_Phase_F
Average execution time:			8148.0450 μs (±376.3318)
Average energy spent: 			0.0287 J (±0.0016)
Average power:				3.5199 W (±0.1335)

Dragunov_Sum
Average execution time:			4916.9800 μs (±194.9757)
Average energy spent: 			0.0159 J (±0.0012)
Average power:				3.2127 W (±0.1278)

Dragunov_Bias_RELU
Average execution time:			315.8650 μs (±27.0841)
Average energy spent: 			0.0010 J (±0.0019)
Average power:				0.9854 W (±1.9124)

CONV_2D
Average execution time:			89487.0900 μs (±10175.2895)
Average energy spent: 			0.2719 J (±0.0251)
Average power:				3.0441 W (±0.0846)

ADD
Average execution time:			1970.4150 μs (±100.5837)
Average energy spent: 			0.0080 J (±0.0009)
Average power:				4.1744 W (±0.4624)

MUL
Average execution time:			12636.6000 μs (±485.5487)
Average energy spent: 			0.0331 J (±0.0015)
Average power:				2.6104 W (±0.0402)

ADD
Average execution time:			12551.7050 μs (±462.4193)
Average energy spent: 			0.0316 J (±0.0012)
Average power:				2.5291 W (±0.0378)

CONV_2D
Average execution time:			64197.8300 μs (±8718.6491)
Average energy spent: 			0.2177 J (±0.0224)
Average power:				3.3992 W (±0.0840)

Dragunov_Slicing
Average execution time:			1587.7450 μs (±77.9744)
Average energy spent: 			0.0064 J (±0.0012)
Average power:				4.2587 W (±0.6488)

Dragunov_Phase_C
Average execution time:			8117.0400 μs (±432.9889)
Average energy spent: 			0.0276 J (±0.0017)
Average power:				3.3777 W (±0.1465)

Dragunov_Phase_Z
Average execution time:			44367.0800 μs (±1401.3600)
Average energy spent: 			0.1428 J (±0.0038)
Average power:				3.2238 W (±0.0390)

Dragunov_Phase_F
Average execution time:			8102.4750 μs (±291.8645)
Average energy spent: 			0.0286 J (±0.0017)
Average power:				3.5210 W (±0.1327)

Dragunov_Sum
Average execution time:			4906.4750 μs (±186.7151)
Average energy spent: 			0.0158 J (±0.0012)
Average power:				3.2181 W (±0.1246)

Dragunov_Bias_RELU
Average execution time:			269.1100 μs (±27.6490)
Average energy spent: 			0.0014 J (±0.0021)
Average power:				1.3882 W (±2.1469)

CONV_2D
Average execution time:			89735.0450 μs (±9608.0342)
Average energy spent: 			0.2739 J (±0.0242)
Average power:				3.0600 W (±0.0765)

ADD
Average execution time:			1988.2750 μs (±91.1421)
Average energy spent: 			0.0082 J (±0.0008)
Average power:				4.1397 W (±0.3594)

MUL
Average execution time:			12594.2450 μs (±459.7851)
Average energy spent: 			0.0330 J (±0.0016)
Average power:				2.6133 W (±0.0514)

ADD
Average execution time:			12520.7100 μs (±451.4123)
Average energy spent: 			0.0316 J (±0.0012)
Average power:				2.5323 W (±0.0310)

MEAN
Average execution time:			43598.7100 μs (±1641.5974)
Average energy spent: 			0.1007 J (±0.0032)
Average power:				2.3121 W (±0.0212)

CONV_2D
Average execution time:			33289.0450 μs (±6546.5950)
Average energy spent: 			0.0797 J (±0.0160)
Average power:				2.3966 W (±0.0269)

RESHAPE
Average execution time:			5.5950 μs (±4.3602)
Average energy spent: 			0.0000 J (±0.0003)
Average power:				0.0227 W (±0.3206)

--------------------------------------------------------------------------------

Generating result files in /home/mathy/kbench/scripts/output/tflite/approximate_resnet_v2/20190827-153322/...
Done
Cleaning device dir:  /root/data/kbench-energy/20190827-153322
