Copying /home/mathy/benchmark-tfl/build/rpi//beeswax to /root/data/kbench-energy/20190827-145136/beeswax
Copying /home/mathy/benchmark-tfl/build/rpi//bumblebee to /root/data/kbench-energy/20190827-145136/bumblebee
Copying /home/mathy/copy-conv-approximation/dump_parser/original_resnet_v2.tflite to /root/data/kbench-energy/20190827-145136/original_resnet_v2.tflite
Copying /home/mathy/conv-approximation/dump_parser/labels.txt to /root/data/kbench-energy/20190827-145136/labels.txt


Capturing energy readings
Running inferences
Stop capturing energy readings

Pull back energy readings
Pull back profiler files
Processing outputs
Parsing inferences output
Processing accuracy
Parsing energy output
Processing energy and power
Processing profilers
------------------------------ BENCHMARK SUMMARY ------------------------------

Total images executed:				25
Inferences per image:				8
Average inference time was:			11127.3840 ms (±18.1818)
Top 1 accuracy is:		84.0000%
Top 5 accuracy is:		100.0000%
Average energy spent:   			35.0937 J (±0.1421)
Average power:  				3.1538 W (±0.0134)

----------------------------------- PROFILER -----------------------------------

PAD
Average execution time:			21979.8500 μs (±839.5061)
Average energy spent: 			0.0529 J (±0.0021)
Average power:				2.4119 W (±0.0370)

CONV_2D
Average execution time:			321994.1200 μs (±7573.3632)
Average energy spent: 			1.0174 J (±0.0153)
Average power:				3.1601 W (±0.0338)

MAX_POOL_2D
Average execution time:			32950.1550 μs (±1186.6229)
Average energy spent: 			0.0833 J (±0.0025)
Average power:				2.5290 W (±0.0345)

MUL
Average execution time:			21948.4850 μs (±754.9180)
Average energy spent: 			0.0551 J (±0.0020)
Average power:				2.5157 W (±0.0413)

ADD
Average execution time:			21940.8250 μs (±737.8568)
Average energy spent: 			0.0537 J (±0.0018)
Average power:				2.4471 W (±0.0301)

CONV_2D
Average execution time:			61538.8350 μs (±5377.2965)
Average energy spent: 			0.2079 J (±0.0098)
Average power:				3.3904 W (±0.1333)

CONV_2D
Average execution time:			17858.3450 μs (±1282.8565)
Average energy spent: 			0.0640 J (±0.0024)
Average power:				3.5877 W (±0.1348)

CONV_2D
Average execution time:			261399.7850 μs (±1720.4838)
Average energy spent: 			0.8327 J (±0.0068)
Average power:				3.1859 W (±0.0231)

CONV_2D
Average execution time:			61334.6650 μs (±3089.9455)
Average energy spent: 			0.2051 J (±0.0063)
Average power:				3.3451 W (±0.0732)

ADD
Average execution time:			12223.4550 μs (±498.7809)
Average energy spent: 			0.0381 J (±0.0015)
Average power:				3.1231 W (±0.0490)

MUL
Average execution time:			86297.2800 μs (±2596.1343)
Average energy spent: 			0.2067 J (±0.0055)
Average power:				2.3967 W (±0.0237)

ADD
Average execution time:			85930.9450 μs (±2590.5399)
Average energy spent: 			0.2035 J (±0.0053)
Average power:				2.3675 W (±0.0233)

CONV_2D
Average execution time:			54572.4200 μs (±4957.7264)
Average energy spent: 			0.1976 J (±0.0083)
Average power:				3.6365 W (±0.1586)

CONV_2D
Average execution time:			261801.2350 μs (±2398.1035)
Average energy spent: 			0.8320 J (±0.0073)
Average power:				3.1780 W (±0.0229)

CONV_2D
Average execution time:			61379.3700 μs (±3266.3837)
Average energy spent: 			0.2066 J (±0.0066)
Average power:				3.3716 W (±0.0771)

ADD
Average execution time:			12145.3200 μs (±489.2585)
Average energy spent: 			0.0381 J (±0.0014)
Average power:				3.1277 W (±0.0608)

MUL
Average execution time:			85968.3150 μs (±2735.5155)
Average energy spent: 			0.2058 J (±0.0055)
Average power:				2.3953 W (±0.0227)

ADD
Average execution time:			86197.5000 μs (±2727.5426)
Average energy spent: 			0.2041 J (±0.0056)
Average power:				2.3675 W (±0.0221)

MAX_POOL_2D
Average execution time:			8424.0600 μs (±258.7550)
Average energy spent: 			0.0245 J (±0.0015)
Average power:				2.8901 W (±0.0681)

CONV_2D
Average execution time:			55843.6550 μs (±5851.5458)
Average energy spent: 			0.2000 J (±0.0099)
Average power:				3.6049 W (±0.1835)

PAD
Average execution time:			2239.2750 μs (±112.9229)
Average energy spent: 			0.0091 J (±0.0012)
Average power:				4.0532 W (±0.2284)

CONV_2D
Average execution time:			72675.6050 μs (±3645.5615)
Average energy spent: 			0.2288 J (±0.0068)
Average power:				3.1510 W (±0.0670)

CONV_2D
Average execution time:			15948.6500 μs (±1352.9877)
Average energy spent: 			0.0550 J (±0.0029)
Average power:				3.4545 W (±0.1192)

ADD
Average execution time:			3270.3200 μs (±136.3757)
Average energy spent: 			0.0124 J (±0.0012)
Average power:				3.8225 W (±0.1555)

MUL
Average execution time:			22175.9100 μs (±760.2991)
Average energy spent: 			0.0556 J (±0.0019)
Average power:				2.5070 W (±0.0334)

ADD
Average execution time:			22207.5700 μs (±738.5697)
Average energy spent: 			0.0544 J (±0.0019)
Average power:				2.4521 W (±0.0363)

CONV_2D
Average execution time:			96138.7500 μs (±6227.8189)
Average energy spent: 			0.3493 J (±0.0115)
Average power:				3.6391 W (±0.1101)

CONV_2D
Average execution time:			26128.4300 μs (±1439.0677)
Average energy spent: 			0.0973 J (±0.0029)
Average power:				3.7342 W (±0.0945)

CONV_2D
Average execution time:			180135.9150 μs (±2716.6107)
Average energy spent: 			0.5943 J (±0.0060)
Average power:				3.2998 W (±0.0300)

CONV_2D
Average execution time:			59835.5100 μs (±1047.9436)
Average energy spent: 			0.1943 J (±0.0027)
Average power:				3.2442 W (±0.0331)

ADD
Average execution time:			6634.8700 μs (±299.1186)
Average energy spent: 			0.0219 J (±0.0015)
Average power:				3.3256 W (±0.0799)

MUL
Average execution time:			44421.9500 μs (±1508.6161)
Average energy spent: 			0.1083 J (±0.0036)
Average power:				2.4372 W (±0.0350)

ADD
Average execution time:			44368.7000 μs (±1435.5611)
Average energy spent: 			0.1063 J (±0.0031)
Average power:				2.3978 W (±0.0275)

CONV_2D
Average execution time:			50327.1350 μs (±5430.9876)
Average energy spent: 			0.1808 J (±0.0092)
Average power:				3.6105 W (±0.1818)

CONV_2D
Average execution time:			180270.1200 μs (±3252.7027)
Average energy spent: 			0.5964 J (±0.0073)
Average power:				3.3094 W (±0.0312)

CONV_2D
Average execution time:			60332.3700 μs (±800.6613)
Average energy spent: 			0.1959 J (±0.0025)
Average power:				3.2477 W (±0.0317)

ADD
Average execution time:			6695.4550 μs (±315.1533)
Average energy spent: 			0.0220 J (±0.0014)
Average power:				3.2851 W (±0.0868)

MUL
Average execution time:			44774.2550 μs (±1609.3047)
Average energy spent: 			0.1090 J (±0.0036)
Average power:				2.4326 W (±0.0372)

ADD
Average execution time:			44684.0000 μs (±1572.4361)
Average energy spent: 			0.1070 J (±0.0034)
Average power:				2.3962 W (±0.0366)

CONV_2D
Average execution time:			51153.0400 μs (±5948.0677)
Average energy spent: 			0.1820 J (±0.0101)
Average power:				3.5803 W (±0.1962)

CONV_2D
Average execution time:			180298.8500 μs (±3363.2211)
Average energy spent: 			0.5957 J (±0.0068)
Average power:				3.3049 W (±0.0348)

CONV_2D
Average execution time:			59843.2800 μs (±1048.5817)
Average energy spent: 			0.1946 J (±0.0028)
Average power:				3.2493 W (±0.0328)

ADD
Average execution time:			6678.5150 μs (±331.1334)
Average energy spent: 			0.0221 J (±0.0015)
Average power:				3.3095 W (±0.0866)

MUL
Average execution time:			44968.0000 μs (±1740.7123)
Average energy spent: 			0.1091 J (±0.0036)
Average power:				2.4258 W (±0.0277)

ADD
Average execution time:			44910.8450 μs (±1688.3816)
Average energy spent: 			0.1072 J (±0.0034)
Average power:				2.3881 W (±0.0250)

MAX_POOL_2D
Average execution time:			3880.0550 μs (±160.7128)
Average energy spent: 			0.0122 J (±0.0011)
Average power:				3.1952 W (±0.1296)

CONV_2D
Average execution time:			50605.0100 μs (±5775.1374)
Average energy spent: 			0.1807 J (±0.0101)
Average power:				3.5867 W (±0.1876)

PAD
Average execution time:			1224.7700 μs (±58.3456)
Average energy spent: 			0.0057 J (±0.0010)
Average power:				4.9847 W (±0.5815)

CONV_2D
Average execution time:			50884.3850 μs (±3524.8279)
Average energy spent: 			0.1632 J (±0.0070)
Average power:				3.2094 W (±0.0821)

CONV_2D
Average execution time:			14225.3400 μs (±1284.6928)
Average energy spent: 			0.0489 J (±0.0027)
Average power:				3.4417 W (±0.1113)

ADD
Average execution time:			1733.1750 μs (±84.2212)
Average energy spent: 			0.0077 J (±0.0013)
Average power:				4.6580 W (±0.6888)

MUL
Average execution time:			11298.1000 μs (±483.5589)
Average energy spent: 			0.0299 J (±0.0014)
Average power:				2.6517 W (±0.0502)

ADD
Average execution time:			11229.4950 μs (±438.9517)
Average energy spent: 			0.0288 J (±0.0013)
Average power:				2.5526 W (±0.0400)

CONV_2D
Average execution time:			110297.1200 μs (±6084.9600)
Average energy spent: 			0.3678 J (±0.0135)
Average power:				3.3382 W (±0.0654)

CONV_2D
Average execution time:			27999.3550 μs (±1455.0693)
Average energy spent: 			0.0968 J (±0.0031)
Average power:				3.4650 W (±0.0853)

CONV_2D
Average execution time:			141736.4800 μs (±5781.9893)
Average energy spent: 			0.4826 J (±0.0135)
Average power:				3.4052 W (±0.0465)

CONV_2D
Average execution time:			56630.1550 μs (±3397.4353)
Average energy spent: 			0.1897 J (±0.0077)
Average power:				3.3508 W (±0.0681)

ADD
Average execution time:			3445.6650 μs (±167.0848)
Average energy spent: 			0.0128 J (±0.0014)
Average power:				3.7323 W (±0.1660)

MUL
Average execution time:			22605.1350 μs (±893.2558)
Average energy spent: 			0.0566 J (±0.0023)
Average power:				2.5065 W (±0.0502)

ADD
Average execution time:			22574.6900 μs (±840.7981)
Average energy spent: 			0.0554 J (±0.0022)
Average power:				2.4526 W (±0.0529)

CONV_2D
Average execution time:			50403.6350 μs (±3616.5154)
Average energy spent: 			0.1756 J (±0.0081)
Average power:				3.4938 W (±0.0931)

CONV_2D
Average execution time:			142403.7000 μs (±6358.4798)
Average energy spent: 			0.4795 J (±0.0146)
Average power:				3.3691 W (±0.0524)

CONV_2D
Average execution time:			56879.6800 μs (±3312.6814)
Average energy spent: 			0.1906 J (±0.0078)
Average power:				3.3518 W (±0.0593)

ADD
Average execution time:			3417.9850 μs (±135.8867)
Average energy spent: 			0.0124 J (±0.0014)
Average power:				3.7125 W (±0.1482)

MUL
Average execution time:			22497.2600 μs (±823.3623)
Average energy spent: 			0.0565 J (±0.0024)
Average power:				2.5082 W (±0.0381)

ADD
Average execution time:			22498.5400 μs (±787.4895)
Average energy spent: 			0.0552 J (±0.0019)
Average power:				2.4553 W (±0.0384)

CONV_2D
Average execution time:			50067.2650 μs (±2938.0737)
Average energy spent: 			0.1753 J (±0.0068)
Average power:				3.5097 W (±0.0699)

CONV_2D
Average execution time:			142078.5650 μs (±6374.4991)
Average energy spent: 			0.4802 J (±0.0150)
Average power:				3.3809 W (±0.0537)

CONV_2D
Average execution time:			56661.3750 μs (±3458.4823)
Average energy spent: 			0.1890 J (±0.0076)
Average power:				3.3402 W (±0.0690)

ADD
Average execution time:			3268.5350 μs (±145.6922)
Average energy spent: 			0.0126 J (±0.0013)
Average power:				3.7960 W (±0.1578)

MUL
Average execution time:			22412.0900 μs (±775.9582)
Average energy spent: 			0.0561 J (±0.0021)
Average power:				2.5110 W (±0.0394)

ADD
Average execution time:			22385.8900 μs (±772.7408)
Average energy spent: 			0.0551 J (±0.0020)
Average power:				2.4579 W (±0.0365)

CONV_2D
Average execution time:			50303.5700 μs (±3498.9552)
Average energy spent: 			0.1756 J (±0.0076)
Average power:				3.4959 W (±0.0859)

CONV_2D
Average execution time:			142464.0950 μs (±6115.0752)
Average energy spent: 			0.4796 J (±0.0145)
Average power:				3.3677 W (±0.0536)

CONV_2D
Average execution time:			57129.1900 μs (±4048.7827)
Average energy spent: 			0.1908 J (±0.0088)
Average power:				3.3445 W (±0.0864)

ADD
Average execution time:			3405.2150 μs (±132.6887)
Average energy spent: 			0.0125 J (±0.0014)
Average power:				3.7098 W (±0.1443)

MUL
Average execution time:			22406.5100 μs (±755.0773)
Average energy spent: 			0.0563 J (±0.0021)
Average power:				2.5126 W (±0.0417)

ADD
Average execution time:			22386.1400 μs (±741.4875)
Average energy spent: 			0.0549 J (±0.0020)
Average power:				2.4572 W (±0.0375)

CONV_2D
Average execution time:			50471.9700 μs (±3688.1571)
Average energy spent: 			0.1761 J (±0.0080)
Average power:				3.4979 W (±0.0971)

CONV_2D
Average execution time:			142927.3000 μs (±6820.5946)
Average energy spent: 			0.4826 J (±0.0157)
Average power:				3.3792 W (±0.0568)

CONV_2D
Average execution time:			56579.8500 μs (±3148.5841)
Average energy spent: 			0.1892 J (±0.0072)
Average power:				3.3446 W (±0.0640)

ADD
Average execution time:			3412.6300 μs (±151.5562)
Average energy spent: 			0.0125 J (±0.0014)
Average power:				3.6958 W (±0.1434)

MUL
Average execution time:			22394.1150 μs (±782.0813)
Average energy spent: 			0.0562 J (±0.0021)
Average power:				2.5111 W (±0.0362)

ADD
Average execution time:			22352.2350 μs (±754.4201)
Average energy spent: 			0.0549 J (±0.0020)
Average power:				2.4591 W (±0.0390)

CONV_2D
Average execution time:			50193.7650 μs (±3120.5104)
Average energy spent: 			0.1751 J (±0.0069)
Average power:				3.4936 W (±0.0812)

CONV_2D
Average execution time:			141778.2000 μs (±5561.5196)
Average energy spent: 			0.4768 J (±0.0137)
Average power:				3.3639 W (±0.0454)

CONV_2D
Average execution time:			56574.0700 μs (±3558.5859)
Average energy spent: 			0.1898 J (±0.0078)
Average power:				3.3572 W (±0.0752)

ADD
Average execution time:			3419.6000 μs (±141.0020)
Average energy spent: 			0.0127 J (±0.0014)
Average power:				3.7494 W (±0.1572)

MUL
Average execution time:			22359.3950 μs (±741.7717)
Average energy spent: 			0.0561 J (±0.0020)
Average power:				2.5112 W (±0.0388)

ADD
Average execution time:			22335.0150 μs (±727.6392)
Average energy spent: 			0.0550 J (±0.0018)
Average power:				2.4591 W (±0.0333)

CONV_2D
Average execution time:			50324.4000 μs (±3270.8360)
Average energy spent: 			0.1763 J (±0.0072)
Average power:				3.5094 W (±0.0846)

CONV_2D
Average execution time:			142142.8150 μs (±6321.8585)
Average energy spent: 			0.4807 J (±0.0151)
Average power:				3.3833 W (±0.0493)

CONV_2D
Average execution time:			57035.2850 μs (±4312.5578)
Average energy spent: 			0.1904 J (±0.0092)
Average power:				3.3435 W (±0.0911)

ADD
Average execution time:			3266.6550 μs (±134.7334)
Average energy spent: 			0.0124 J (±0.0012)
Average power:				3.8074 W (±0.1526)

MUL
Average execution time:			22363.1200 μs (±758.6334)
Average energy spent: 			0.0562 J (±0.0021)
Average power:				2.5141 W (±0.0388)

ADD
Average execution time:			22354.1750 μs (±748.0215)
Average energy spent: 			0.0551 J (±0.0022)
Average power:				2.4632 W (±0.0468)

CONV_2D
Average execution time:			49868.8050 μs (±2711.6746)
Average energy spent: 			0.1751 J (±0.0062)
Average power:				3.5134 W (±0.0721)

CONV_2D
Average execution time:			141916.9300 μs (±5819.5256)
Average energy spent: 			0.4782 J (±0.0135)
Average power:				3.3721 W (±0.0509)

CONV_2D
Average execution time:			56390.4550 μs (±3093.4373)
Average energy spent: 			0.1892 J (±0.0072)
Average power:				3.3564 W (±0.0628)

ADD
Average execution time:			3402.7000 μs (±144.6318)
Average energy spent: 			0.0128 J (±0.0014)
Average power:				3.7431 W (±0.1569)

MUL
Average execution time:			22439.9250 μs (±774.4599)
Average energy spent: 			0.0564 J (±0.0020)
Average power:				2.5109 W (±0.0336)

ADD
Average execution time:			22373.3850 μs (±744.8793)
Average energy spent: 			0.0548 J (±0.0020)
Average power:				2.4561 W (±0.0345)

CONV_2D
Average execution time:			50192.1150 μs (±3284.7768)
Average energy spent: 			0.1759 J (±0.0072)
Average power:				3.5114 W (±0.0870)

CONV_2D
Average execution time:			142744.2250 μs (±6192.8209)
Average energy spent: 			0.4817 J (±0.0145)
Average power:				3.3759 W (±0.0524)

CONV_2D
Average execution time:			55989.5400 μs (±2841.9537)
Average energy spent: 			0.1889 J (±0.0073)
Average power:				3.3726 W (±0.0546)

ADD
Average execution time:			3402.7300 μs (±128.2247)
Average energy spent: 			0.0126 J (±0.0014)
Average power:				3.7734 W (±0.1624)

MUL
Average execution time:			22325.0200 μs (±699.8852)
Average energy spent: 			0.0563 J (±0.0020)
Average power:				2.5169 W (±0.0356)

ADD
Average execution time:			22342.0250 μs (±672.7241)
Average energy spent: 			0.0549 J (±0.0018)
Average power:				2.4565 W (±0.0319)

CONV_2D
Average execution time:			49979.8450 μs (±2867.6525)
Average energy spent: 			0.1754 J (±0.0064)
Average power:				3.5127 W (±0.0767)

CONV_2D
Average execution time:			142206.2500 μs (±6073.2591)
Average energy spent: 			0.4811 J (±0.0141)
Average power:				3.3839 W (±0.0482)

CONV_2D
Average execution time:			56462.1850 μs (±3376.2970)
Average energy spent: 			0.1894 J (±0.0077)
Average power:				3.3597 W (±0.0709)

ADD
Average execution time:			3424.4100 μs (±146.4631)
Average energy spent: 			0.0128 J (±0.0014)
Average power:				3.7459 W (±0.1523)

MUL
Average execution time:			22363.0050 μs (±701.4601)
Average energy spent: 			0.0562 J (±0.0019)
Average power:				2.5137 W (±0.0357)

ADD
Average execution time:			22333.1000 μs (±690.2622)
Average energy spent: 			0.0548 J (±0.0018)
Average power:				2.4600 W (±0.0320)

CONV_2D
Average execution time:			50237.5400 μs (±3363.9609)
Average energy spent: 			0.1760 J (±0.0073)
Average power:				3.5089 W (±0.0879)

CONV_2D
Average execution time:			141918.9850 μs (±6001.8578)
Average energy spent: 			0.4808 J (±0.0147)
Average power:				3.3892 W (±0.0496)

CONV_2D
Average execution time:			56622.9750 μs (±3260.3726)
Average energy spent: 			0.1895 J (±0.0074)
Average power:				3.3495 W (±0.0661)

ADD
Average execution time:			3260.4050 μs (±121.2493)
Average energy spent: 			0.0123 J (±0.0013)
Average power:				3.7505 W (±0.1477)

MUL
Average execution time:			22353.4350 μs (±722.9423)
Average energy spent: 			0.0562 J (±0.0018)
Average power:				2.5144 W (±0.0379)

ADD
Average execution time:			22320.5250 μs (±681.8798)
Average energy spent: 			0.0549 J (±0.0019)
Average power:				2.4594 W (±0.0322)

CONV_2D
Average execution time:			49976.7950 μs (±3016.2826)
Average energy spent: 			0.1748 J (±0.0069)
Average power:				3.5022 W (±0.0749)

CONV_2D
Average execution time:			142180.0450 μs (±5874.9532)
Average energy spent: 			0.4818 J (±0.0138)
Average power:				3.3889 W (±0.0467)

CONV_2D
Average execution time:			56570.6100 μs (±3391.0144)
Average energy spent: 			0.1891 J (±0.0076)
Average power:				3.3499 W (±0.0636)

ADD
Average execution time:			3379.5250 μs (±120.0301)
Average energy spent: 			0.0124 J (±0.0013)
Average power:				3.7162 W (±0.1524)

MUL
Average execution time:			22322.9050 μs (±695.9898)
Average energy spent: 			0.0559 J (±0.0018)
Average power:				2.5118 W (±0.0342)

ADD
Average execution time:			22294.5900 μs (±682.7306)
Average energy spent: 			0.0548 J (±0.0016)
Average power:				2.4562 W (±0.0278)

CONV_2D
Average execution time:			50320.3750 μs (±3721.9458)
Average energy spent: 			0.1752 J (±0.0079)
Average power:				3.4872 W (±0.0981)

CONV_2D
Average execution time:			142273.0500 μs (±5669.0808)
Average energy spent: 			0.4781 J (±0.0127)
Average power:				3.3629 W (±0.0480)

CONV_2D
Average execution time:			56075.0850 μs (±2868.6305)
Average energy spent: 			0.1883 J (±0.0069)
Average power:				3.3598 W (±0.0535)

ADD
Average execution time:			3402.3900 μs (±127.2411)
Average energy spent: 			0.0126 J (±0.0014)
Average power:				3.7020 W (±0.1445)

MUL
Average execution time:			22308.5950 μs (±697.0888)
Average energy spent: 			0.0561 J (±0.0019)
Average power:				2.5132 W (±0.0322)

ADD
Average execution time:			22302.5700 μs (±674.5572)
Average energy spent: 			0.0549 J (±0.0017)
Average power:				2.4571 W (±0.0341)

CONV_2D
Average execution time:			50088.2150 μs (±3119.4267)
Average energy spent: 			0.1754 J (±0.0067)
Average power:				3.5065 W (±0.0841)

CONV_2D
Average execution time:			142289.7600 μs (±5810.2143)
Average energy spent: 			0.4806 J (±0.0141)
Average power:				3.3783 W (±0.0454)

CONV_2D
Average execution time:			56874.6100 μs (±3563.0340)
Average energy spent: 			0.1902 J (±0.0078)
Average power:				3.3534 W (±0.0681)

ADD
Average execution time:			3403.1250 μs (±126.6414)
Average energy spent: 			0.0127 J (±0.0014)
Average power:				3.6965 W (±0.1563)

MUL
Average execution time:			22313.4050 μs (±723.3261)
Average energy spent: 			0.0559 J (±0.0019)
Average power:				2.5132 W (±0.0348)

ADD
Average execution time:			22268.0800 μs (±687.9341)
Average energy spent: 			0.0548 J (±0.0018)
Average power:				2.4601 W (±0.0294)

CONV_2D
Average execution time:			50184.8850 μs (±3205.0530)
Average energy spent: 			0.1759 J (±0.0068)
Average power:				3.5089 W (±0.0832)

CONV_2D
Average execution time:			142199.5000 μs (±6097.7201)
Average energy spent: 			0.4820 J (±0.0141)
Average power:				3.3906 W (±0.0495)

CONV_2D
Average execution time:			56829.8250 μs (±3656.1484)
Average energy spent: 			0.1899 J (±0.0079)
Average power:				3.3506 W (±0.0727)

ADD
Average execution time:			3258.9000 μs (±122.9597)
Average energy spent: 			0.0123 J (±0.0013)
Average power:				3.7522 W (±0.1416)

MUL
Average execution time:			22348.2250 μs (±745.2085)
Average energy spent: 			0.0563 J (±0.0020)
Average power:				2.5169 W (±0.0407)

ADD
Average execution time:			22313.0900 μs (±720.8915)
Average energy spent: 			0.0548 J (±0.0019)
Average power:				2.4598 W (±0.0413)

CONV_2D
Average execution time:			49981.3750 μs (±3072.6198)
Average energy spent: 			0.1748 J (±0.0070)
Average power:				3.5002 W (±0.0807)

CONV_2D
Average execution time:			142453.5100 μs (±6054.0028)
Average energy spent: 			0.4799 J (±0.0141)
Average power:				3.3703 W (±0.0463)

CONV_2D
Average execution time:			56112.1150 μs (±3162.4389)
Average energy spent: 			0.1882 J (±0.0073)
Average power:				3.3579 W (±0.0629)

ADD
Average execution time:			3412.3600 μs (±161.5229)
Average energy spent: 			0.0129 J (±0.0014)
Average power:				3.7403 W (±0.1569)

MUL
Average execution time:			22393.5950 μs (±811.8172)
Average energy spent: 			0.0562 J (±0.0021)
Average power:				2.5125 W (±0.0312)

ADD
Average execution time:			22371.3850 μs (±766.5772)
Average energy spent: 			0.0548 J (±0.0017)
Average power:				2.4542 W (±0.0272)

CONV_2D
Average execution time:			50100.6100 μs (±3286.2006)
Average energy spent: 			0.1751 J (±0.0071)
Average power:				3.4990 W (±0.0799)

CONV_2D
Average execution time:			141983.8150 μs (±5890.8687)
Average energy spent: 			0.4790 J (±0.0138)
Average power:				3.3735 W (±0.0456)

CONV_2D
Average execution time:			56384.9500 μs (±3050.0026)
Average energy spent: 			0.1895 J (±0.0070)
Average power:				3.3640 W (±0.0615)

ADD
Average execution time:			3404.7100 μs (±149.8856)
Average energy spent: 			0.0126 J (±0.0014)
Average power:				3.6994 W (±0.1577)

MUL
Average execution time:			22366.9750 μs (±810.9615)
Average energy spent: 			0.0562 J (±0.0021)
Average power:				2.5125 W (±0.0384)

ADD
Average execution time:			22334.5250 μs (±783.8395)
Average energy spent: 			0.0547 J (±0.0019)
Average power:				2.4545 W (±0.0262)

CONV_2D
Average execution time:			50005.3150 μs (±2999.5580)
Average energy spent: 			0.1747 J (±0.0067)
Average power:				3.4960 W (±0.0778)

CONV_2D
Average execution time:			142303.9800 μs (±5953.2821)
Average energy spent: 			0.4788 J (±0.0138)
Average power:				3.3674 W (±0.0468)

CONV_2D
Average execution time:			56983.8500 μs (±4209.1182)
Average energy spent: 			0.1908 J (±0.0092)
Average power:				3.3529 W (±0.0823)

ADD
Average execution time:			3405.4250 μs (±122.2781)
Average energy spent: 			0.0126 J (±0.0014)
Average power:				3.7149 W (±0.1555)

MUL
Average execution time:			22429.1500 μs (±756.0725)
Average energy spent: 			0.0564 J (±0.0021)
Average power:				2.5144 W (±0.0351)

ADD
Average execution time:			22334.0950 μs (±729.2734)
Average energy spent: 			0.0549 J (±0.0018)
Average power:				2.4605 W (±0.0426)

CONV_2D
Average execution time:			50105.8500 μs (±3132.0268)
Average energy spent: 			0.1749 J (±0.0070)
Average power:				3.4941 W (±0.0783)

CONV_2D
Average execution time:			142284.6350 μs (±5920.2978)
Average energy spent: 			0.4778 J (±0.0137)
Average power:				3.3601 W (±0.0456)

CONV_2D
Average execution time:			56750.2500 μs (±3190.8590)
Average energy spent: 			0.1907 J (±0.0073)
Average power:				3.3625 W (±0.0659)

ADD
Average execution time:			3255.2700 μs (±123.8793)
Average energy spent: 			0.0123 J (±0.0013)
Average power:				3.7484 W (±0.1435)

MUL
Average execution time:			22328.1850 μs (±739.5974)
Average energy spent: 			0.0561 J (±0.0020)
Average power:				2.5177 W (±0.0386)

ADD
Average execution time:			22297.7400 μs (±723.0358)
Average energy spent: 			0.0548 J (±0.0018)
Average power:				2.4585 W (±0.0299)

CONV_2D
Average execution time:			49923.2650 μs (±2782.3909)
Average energy spent: 			0.1746 J (±0.0062)
Average power:				3.5005 W (±0.0679)

CONV_2D
Average execution time:			142470.3450 μs (±5935.1223)
Average energy spent: 			0.4787 J (±0.0136)
Average power:				3.3614 W (±0.0459)

CONV_2D
Average execution time:			56483.4250 μs (±3402.8109)
Average energy spent: 			0.1896 J (±0.0078)
Average power:				3.3608 W (±0.0652)

ADD
Average execution time:			3394.1550 μs (±139.4478)
Average energy spent: 			0.0125 J (±0.0013)
Average power:				3.7040 W (±0.1577)

MUL
Average execution time:			22394.1650 μs (±758.9722)
Average energy spent: 			0.0563 J (±0.0020)
Average power:				2.5163 W (±0.0416)

ADD
Average execution time:			22286.1350 μs (±718.0874)
Average energy spent: 			0.0546 J (±0.0017)
Average power:				2.4556 W (±0.0299)

CONV_2D
Average execution time:			50381.1250 μs (±3972.0090)
Average energy spent: 			0.1741 J (±0.0087)
Average power:				3.4618 W (±0.0930)

CONV_2D
Average execution time:			142322.3650 μs (±6264.3810)
Average energy spent: 			0.4774 J (±0.0151)
Average power:				3.3561 W (±0.0476)

CONV_2D
Average execution time:			56605.7050 μs (±3499.1741)
Average energy spent: 			0.1904 J (±0.0080)
Average power:				3.3688 W (±0.0705)

ADD
Average execution time:			3389.3250 μs (±137.0165)
Average energy spent: 			0.0128 J (±0.0014)
Average power:				3.7535 W (±0.1550)

MUL
Average execution time:			22305.3550 μs (±712.0799)
Average energy spent: 			0.0561 J (±0.0019)
Average power:				2.5141 W (±0.0313)

ADD
Average execution time:			22274.3200 μs (±701.3070)
Average energy spent: 			0.0547 J (±0.0018)
Average power:				2.4594 W (±0.0351)

CONV_2D
Average execution time:			50304.8750 μs (±3429.8304)
Average energy spent: 			0.1740 J (±0.0076)
Average power:				3.4633 W (±0.0808)

CONV_2D
Average execution time:			142254.0650 μs (±5791.1139)
Average energy spent: 			0.4781 J (±0.0136)
Average power:				3.3624 W (±0.0448)

CONV_2D
Average execution time:			56012.6000 μs (±2756.6157)
Average energy spent: 			0.1902 J (±0.0064)
Average power:				3.3970 W (±0.0571)

ADD
Average execution time:			3409.2900 μs (±137.7868)
Average energy spent: 			0.0127 J (±0.0013)
Average power:				3.7677 W (±0.1864)

MUL
Average execution time:			22298.1100 μs (±723.3852)
Average energy spent: 			0.0561 J (±0.0018)
Average power:				2.5164 W (±0.0344)

ADD
Average execution time:			22271.8100 μs (±690.0659)
Average energy spent: 			0.0547 J (±0.0017)
Average power:				2.4590 W (±0.0331)

MAX_POOL_2D
Average execution time:			1934.3700 μs (±74.5186)
Average energy spent: 			0.0072 J (±0.0008)
Average power:				3.7854 W (±0.4063)

CONV_2D
Average execution time:			50318.3400 μs (±3465.9597)
Average energy spent: 			0.1741 J (±0.0075)
Average power:				3.4653 W (±0.0855)

PAD
Average execution time:			541.9850 μs (±44.8816)
Average energy spent: 			0.0028 J (±0.0025)
Average power:				2.7860 W (±2.5240)

CONV_2D
Average execution time:			48948.1750 μs (±5434.2299)
Average energy spent: 			0.1609 J (±0.0134)
Average power:				3.2912 W (±0.0858)

CONV_2D
Average execution time:			24059.1150 μs (±2656.5978)
Average energy spent: 			0.0750 J (±0.0066)
Average power:				3.1289 W (±0.0864)

ADD
Average execution time:			955.1250 μs (±61.8470)
Average energy spent: 			0.0050 J (±0.0015)
Average power:				4.9830 W (±1.5068)

MUL
Average execution time:			6182.8950 μs (±204.7788)
Average energy spent: 			0.0177 J (±0.0010)
Average power:				2.8725 W (±0.0611)

ADD
Average execution time:			6151.5550 μs (±185.9421)
Average energy spent: 			0.0169 J (±0.0009)
Average power:				2.7377 W (±0.0453)

CONV_2D
Average execution time:			146394.0250 μs (±17314.6623)
Average energy spent: 			0.4757 J (±0.0443)
Average power:				3.2555 W (±0.0739)

CONV_2D
Average execution time:			36063.5900 μs (±4661.1635)
Average energy spent: 			0.1204 J (±0.0116)
Average power:				3.3544 W (±0.0950)

CONV_2D
Average execution time:			156968.7100 μs (±18677.2396)
Average energy spent: 			0.5329 J (±0.0483)
Average power:				3.3995 W (±0.0560)

CONV_2D
Average execution time:			88848.4100 μs (±11181.3836)
Average energy spent: 			0.2722 J (±0.0265)
Average power:				3.0717 W (±0.0840)

ADD
Average execution time:			1980.4500 μs (±98.5095)
Average energy spent: 			0.0082 J (±0.0009)
Average power:				4.1685 W (±0.4049)

MUL
Average execution time:			12454.7150 μs (±369.1060)
Average energy spent: 			0.0328 J (±0.0015)
Average power:				2.6320 W (±0.0505)

ADD
Average execution time:			12383.6800 μs (±355.2798)
Average energy spent: 			0.0314 J (±0.0012)
Average power:				2.5480 W (±0.0413)

CONV_2D
Average execution time:			63844.2850 μs (±8922.2469)
Average energy spent: 			0.2186 J (±0.0223)
Average power:				3.4335 W (±0.0927)

CONV_2D
Average execution time:			156229.5650 μs (±18249.5403)
Average energy spent: 			0.5299 J (±0.0473)
Average power:				3.3957 W (±0.0532)

CONV_2D
Average execution time:			89010.2000 μs (±10326.6417)
Average energy spent: 			0.2717 J (±0.0248)
Average power:				3.0636 W (±0.0901)

ADD
Average execution time:			1988.8850 μs (±78.6380)
Average energy spent: 			0.0082 J (±0.0007)
Average power:				4.1366 W (±0.3525)

MUL
Average execution time:			12478.6600 μs (±458.2458)
Average energy spent: 			0.0328 J (±0.0013)
Average power:				2.6271 W (±0.0468)

ADD
Average execution time:			12517.0100 μs (±436.3770)
Average energy spent: 			0.0318 J (±0.0014)
Average power:				2.5440 W (±0.0411)

CONV_2D
Average execution time:			63766.1150 μs (±8790.6104)
Average energy spent: 			0.2165 J (±0.0222)
Average power:				3.4054 W (±0.0857)

CONV_2D
Average execution time:			156425.0600 μs (±18756.0337)
Average energy spent: 			0.5290 J (±0.0478)
Average power:				3.3861 W (±0.0507)

CONV_2D
Average execution time:			88780.3150 μs (±10674.0447)
Average energy spent: 			0.2729 J (±0.0257)
Average power:				3.0841 W (±0.0939)

ADD
Average execution time:			1950.0050 μs (±81.1018)
Average energy spent: 			0.0080 J (±0.0008)
Average power:				4.1529 W (±0.3975)

MUL
Average execution time:			12490.4100 μs (±460.2217)
Average energy spent: 			0.0328 J (±0.0015)
Average power:				2.6249 W (±0.0478)

ADD
Average execution time:			12502.4800 μs (±403.4303)
Average energy spent: 			0.0317 J (±0.0012)
Average power:				2.5393 W (±0.0352)

MEAN
Average execution time:			43358.2450 μs (±1620.5718)
Average energy spent: 			0.1005 J (±0.0035)
Average power:				2.3192 W (±0.0235)

CONV_2D
Average execution time:			33132.4050 μs (±6647.5475)
Average energy spent: 			0.0797 J (±0.0160)
Average power:				2.4060 W (±0.0288)

RESHAPE
Average execution time:			5.1950 μs (±1.1122)
Average energy spent: 			0.0000 J (±0.0003)
Average power:				0.0233 W (±0.3287)

--------------------------------------------------------------------------------

Generating result files in /home/mathy/kbench/scripts/output/tflite/original_resnet_v2/20190827-145136/...
Done
Cleaning device dir:  /root/data/kbench-energy/20190827-145136
